{"name":"Sensor1","timestamp":"2020-03-17T03:00:00+0100","temperature":-999999.0,"humidity":751.0}
{"name":"221a9ab0-2b78-4bb5-ba3e-e76a38a77290","timestamp":"2020-03-17T03:00:00+0100","temperature":1114450.0,"humidity":109.0}
{"name":"Sensor3","timestamp":"2020-03-17T03:00:00+0100","temperature":9241221.0,"humidity":1063.0}
{"name":"Sensor3","timestamp":"2020-03-17T03:00:00+0100","temperature":1994.0,"humidity":-1.0}
{"name":"Sensor1","timestamp":"2020-03-17T03:00:00+0100","temperature":1.2648611E7,"humidity":121.0}
{"name":"Sensor3","timestamp":"2020-03-17T03:00:00+0100","temperature":10066.0,"humidity":-1.0}
{"name":"4a7f4592-8b78-4a8e-854f-7353249ababf","timestamp":"2020-03-17T03:00:01+0100","temperature":-999999.0,"humidity":563.0}
{"name":"Sensor3","timestamp":"2020-03-17T03:00:01+0100","temperature":9044603.0,"humidity":1846.0}
{"name":"Sensor1","timestamp":"2020-03-17T03:00:01+0100","temperature":6554252.0,"humidity":750.0}
{"name":"Sensor1","timestamp":"2020-03-17T03:00:01+0100","temperature":8651084.0,"humidity":741.0}
{"name":"Sensor3","timestamp":"2020-03-17T03:00:01+0100","temperature":42450.0,"humidity":-1.0}
{"name":"71cfd46a-c0f1-4c59-a7b8-fa7abc00f422","timestamp":"2020-03-17T03:00:02+0100","temperature":-999999.0,"humidity":339.0}
{"name":"Sensor1","timestamp":"2020-03-17T03:00:02+0100","temperature":6553974.0,"humidity":1979.0}
{"name":"Sensor3","timestamp":"2020-03-17T03:00:02+0100","temperature":4719183.0,"humidity":2254.0}
{"name":"Sensor1","timestamp":"2020-03-17T03:00:02+0100","temperature":5380.0,"humidity":-1.0}
{"name":"b8317ece-28bf-4d5a-9de7-39a5dd67f4bf","timestamp":"2020-03-17T03:00:02+0100","temperature":1.3894289E7,"humidity":868.0}
{"name":"Sensor3","timestamp":"2020-03-17T03:00:03+0100","temperature":3473475.0,"humidity":440.0}
{"name":"Sensor1","timestamp":"2020-03-17T03:10:18+0100","temperature":115114.0,"humidity":-1.0}
{"name":"7df5cae0-9069-4fa7-9ead-36c7ddfeb9fe","timestamp":"2020-03-17T03:10:19+0100","temperature":202093.0,"humidity":-1.0}
{"name":"Sensor3","timestamp":"2020-03-17T03:10:19+0100","temperature":1.5270745E7,"humidity":130.0}
{"name":"Sensor1","timestamp":"2020-03-17T03:10:19+0100","temperature":-999999.0,"humidity":748.0}
{"name":"Sensor1","timestamp":"2020-03-17T03:10:19+0100","temperature":3212077.0,"humidity":1138.0}
{"name":"Sensor3","timestamp":"2020-03-17T03:10:20+0100","temperature":1.6253078E7,"humidity":1184.0}
{"name":"1da36997-b2f4-479d-989d-aa50f49397ba","timestamp":"2020-03-17T03:10:20+0100","temperature":-999999.0,"humidity":601.0}
{"name":"Sensor1","timestamp":"2020-03-17T03:10:20+0100","temperature":2293861.0,"humidity":1504.0}
{"name":"2cbef72f-5787-48cd-89cc-83078dc58ac6","timestamp":"2020-03-17T03:10:20+0100","temperature":425785.0,"humidity":-1.0}
{"name":"Sensor1","timestamp":"2020-03-17T03:10:20+0100","temperature":-999999.0,"humidity":927.0}
{"name":"Sensor3","timestamp":"2020-03-17T03:10:21+0100","temperature":1.3566508E7,"humidity":1825.0}
{"name":"Sensor1","timestamp":"2020-03-17T03:10:21+0100","temperature":-999999.0,"humidity":459.0}
{"name":"Sensor1","timestamp":"2020-03-17T03:10:21+0100","temperature":8454367.0,"humidity":28.0}
{"name":"47e2efa7-d50d-40e1-9633-6515e2cf1d42","timestamp":"2020-03-17T03:10:21+0100","temperature":3080474.0,"humidity":1124.0}
{"name":"Sensor3","timestamp":"2020-03-17T03:10:21+0100","temperature":8323348.0,"humidity":202.0}
{"name":"Sensor1","timestamp":"2020-03-17T03:10:21+0100","temperature":4457254.0,"humidity":2056.0}
{"name":"Sensor3","timestamp":"2020-03-17T03:10:22+0100","temperature":5833590.0,"humidity":901.0}
{"name":"8d1a78cc-10d1-43f8-a937-10b3bdb469af","timestamp":"2020-03-17T03:10:22+0100","temperature":1.4156677E7,"humidity":1585.0}
{"name":"Sensor1","timestamp":"2020-03-17T03:10:22+0100","temperature":1.21899E7,"humidity":594.0}
{"name":"Sensor3","timestamp":"2020-03-17T03:10:22+0100","temperature":1.2583465E7,"humidity":1735.0}
{"name":"Sensor1","timestamp":"2020-03-17T03:10:23+0100","temperature":-999999.0,"humidity":936.0}
{"name":"b9b956bf-ea23-40e0-b161-21f2c511bbf4","timestamp":"2020-03-17T03:10:23+0100","temperature":-999999.0,"humidity":290.0}
{"name":"1038027e-b05f-4170-bc53-7628bb0d8cdd","timestamp":"2020-03-17T03:10:23+0100","temperature":1.20593E7,"humidity":2213.0}
{"name":"Sensor1","timestamp":"2020-03-17T03:10:23+0100","temperature":384063.0,"humidity":-1.0}
{"name":"Sensor3","timestamp":"2020-03-17T03:10:23+0100","temperature":262151.0,"humidity":863.0}
{"name":"bd7f0f59-c1d9-4f61-a7a1-6d9d4de9b460","timestamp":"2020-03-17T03:10:23+0100","temperature":-999999.0,"humidity":901.0}
{"name":"Sensor3","timestamp":"2020-03-17T03:10:23+0100","temperature":7930783.0,"humidity":1143.0}
{"name":"Sensor1","timestamp":"2020-03-17T03:10:24+0100","temperature":436960.0,"humidity":-1.0}
{"name":"Sensor3","timestamp":"2020-03-17T03:10:24+0100","temperature":4522142.0,"humidity":1693.0}
{"name":"1b5a7bb6-f6b1-4998-ae92-242f0559311f","timestamp":"2020-03-17T03:10:24+0100","temperature":-999999.0,"humidity":412.0}
{"name":"Sensor1","timestamp":"2020-03-17T03:10:25+0100","temperature":370198.0,"humidity":-1.0}
{"name":"d2b075c7-97de-4d24-930f-ebd638950611","timestamp":"2020-03-17T03:10:25+0100","temperature":382525.0,"humidity":-1.0}
{"name":"Sensor3","timestamp":"2020-03-17T03:10:25+0100","temperature":-999999.0,"humidity":793.0}
{"name":"Sensor1","timestamp":"2020-03-17T03:10:25+0100","temperature":162452.0,"humidity":-1.0}
{"name":"Sensor3","timestamp":"2020-03-17T03:10:26+0100","temperature":1.1796912E7,"humidity":633.0}
{"name":"15acf483-3e50-4afb-8502-90f416a9e7ff","timestamp":"2020-03-17T03:10:26+0100","temperature":7799055.0,"humidity":1793.0}
{"name":"Sensor1","timestamp":"2020-03-17T03:10:26+0100","temperature":372268.0,"humidity":-1.0}
{"name":"Sensor3","timestamp":"2020-03-17T03:10:26+0100","temperature":1.1796578E7,"humidity":770.0}
{"name":"7ae9be7d-5956-4973-a69d-18c03e030276","timestamp":"2020-03-17T03:10:26+0100","temperature":1.5860193E7,"humidity":1949.0}
{"name":"Sensor1","timestamp":"2020-03-17T03:10:26+0100","temperature":-999999.0,"humidity":527.0}
{"name":"Sensor3","timestamp":"2020-03-17T03:10:26+0100","temperature":-999999.0,"humidity":901.0}
{"name":"0d1937ca-87f0-40e7-9d23-4022d7d04661","timestamp":"2020-03-17T03:10:27+0100","temperature":122076.0,"humidity":-1.0}
{"name":"Sensor1","timestamp":"2020-03-17T03:10:27+0100","temperature":1.5269936E7,"humidity":1831.0}
{"name":"Sensor3","timestamp":"2020-03-17T03:10:27+0100","temperature":1311626.0,"humidity":239.0}
{"name":"Sensor1","timestamp":"2020-03-17T03:10:27+0100","temperature":-999999.0,"humidity":798.0}
{"name":"3317483d-3b6e-46db-aa2b-776278667334","timestamp":"2020-03-17T03:10:27+0100","temperature":1.651531E7,"humidity":1639.0}
{"name":"Sensor1","timestamp":"2020-03-17T03:10:28+0100","temperature":1.4024876E7,"humidity":1391.0}
{"name":"Sensor3","timestamp":"2020-03-17T03:10:28+0100","temperature":1.0551787E7,"humidity":605.0}
{"name":"9fda7739-055f-48bf-a126-ecb138b49b72","timestamp":"2020-03-17T03:10:28+0100","temperature":1.2976336E7,"humidity":698.0}
{"name":"Sensor3","timestamp":"2020-03-17T03:10:28+0100","temperature":1.4091009E7,"humidity":1769.0}
{"name":"Sensor1","timestamp":"2020-03-17T03:10:28+0100","temperature":1.4352413E7,"humidity":376.0}
{"name":"346ee476-2c34-4462-aef8-0a0cf8031713","timestamp":"2020-03-17T03:10:28+0100","temperature":2752770.0,"humidity":1962.0}
{"name":"Sensor1","timestamp":"2020-03-17T03:10:29+0100","temperature":-999999.0,"humidity":822.0}
{"name":"Sensor3","timestamp":"2020-03-17T03:10:29+0100","temperature":-999999.0,"humidity":45.0}
{"name":"23a44996-2abb-4082-9cc5-6078ec4b52e1","timestamp":"2020-03-17T03:10:29+0100","temperature":-999999.0,"humidity":899.0}
{"name":"Sensor1","timestamp":"2020-03-17T03:10:30+0100","temperature":3604878.0,"humidity":65.0}
{"name":"a95f21df-974c-4ce2-afd0-7e2a3c56bb6f","timestamp":"2020-03-17T03:10:30+0100","temperature":8454449.0,"humidity":1111.0}
{"name":"Sensor3","timestamp":"2020-03-17T03:10:30+0100","temperature":-999999.0,"humidity":6.0}
{"name":"Sensor1","timestamp":"2020-03-17T03:10:30+0100","temperature":1.5138992E7,"humidity":2211.0}
{"name":"Sensor3","timestamp":"2020-03-17T03:10:30+0100","temperature":9896878.0,"humidity":479.0}
{"name":"Sensor1","timestamp":"2020-03-17T03:10:30+0100","temperature":-999999.0,"humidity":609.0}
{"name":"Sensor3","timestamp":"2020-03-17T03:10:30+0100","temperature":2097979.0,"humidity":1160.0}
{"name":"5ef91559-59e1-467c-a44e-a60d70906ca1","timestamp":"2020-03-17T03:10:31+0100","temperature":1.1207496E7,"humidity":837.0}
{"name":"dd57b545-e30b-4b4c-9e90-abf8715b27c8","timestamp":"2020-03-17T03:10:31+0100","temperature":-999999.0,"humidity":830.0}
{"name":"Sensor1","timestamp":"2020-03-17T03:10:31+0100","temperature":3080559.0,"humidity":38.0}
{"name":"Sensor1","timestamp":"2020-03-17T03:10:31+0100","temperature":-999999.0,"humidity":579.0}
{"name":"Sensor3","timestamp":"2020-03-17T03:10:31+0100","temperature":262860.0,"humidity":313.0}
{"name":"cabc8e7b-d4a4-4c4c-ae36-219850aab7ed","timestamp":"2020-03-17T03:10:32+0100","temperature":1.6056867E7,"humidity":733.0}
{"name":"Sensor1","timestamp":"2020-03-17T03:10:32+0100","temperature":1.2976314E7,"humidity":1071.0}
{"name":"Sensor3","timestamp":"2020-03-17T03:10:32+0100","temperature":2032441.0,"humidity":1011.0}
{"name":"Sensor1","timestamp":"2020-03-17T03:10:32+0100","temperature":1.6449901E7,"humidity":1102.0}
{"name":"04d8cedb-3306-4373-b2eb-ec60285acce3","timestamp":"2020-03-17T03:10:33+0100","temperature":1.2583222E7,"humidity":862.0}
{"name":"Sensor1","timestamp":"2020-03-17T03:10:51+0100","temperature":1.6646544E7,"humidity":2302.0}
{"name":"b21cc7b8-b0be-40ac-961d-d799a1ea4649","timestamp":"2020-03-17T03:10:51+0100","temperature":-999999.0,"humidity":523.0}
{"name":"Sensor3","timestamp":"2020-03-17T03:10:51+0100","temperature":-999999.0,"humidity":624.0}
{"name":"Sensor1","timestamp":"2020-03-17T03:10:51+0100","temperature":1.2321723E7,"humidity":20.0}
{"name":"Sensor3","timestamp":"2020-03-17T03:10:52+0100","temperature":1.2387159E7,"humidity":1058.0}
{"name":"e843f8ae-2486-446e-8eba-648c0ffeaa38","timestamp":"2020-03-17T03:10:52+0100","temperature":5571141.0,"humidity":1815.0}
{"name":"Sensor1","timestamp":"2020-03-17T03:10:52+0100","temperature":1.1142031E7,"humidity":1058.0}
{"name":"92d556f4-38e3-48cc-9093-081cb782dab0","timestamp":"2020-03-17T03:10:52+0100","temperature":459643.0,"humidity":2225.0}
{"name":"Sensor3","timestamp":"2020-03-17T03:10:52+0100","temperature":-999999.0,"humidity":830.0}
{"name":"Sensor1","timestamp":"2020-03-17T03:10:53+0100","temperature":376836.0,"humidity":-1.0}
{"name":"8df247a2-2971-40c4-bf90-9c4920086902","timestamp":"2020-03-17T03:10:53+0100","temperature":1048850.0,"humidity":806.0}
{"name":"Sensor3","timestamp":"2020-03-17T03:10:53+0100","temperature":1.5205054E7,"humidity":688.0}
{"name":"Sensor1","timestamp":"2020-03-17T03:10:54+0100","temperature":1.2059511E7,"humidity":575.0}
{"name":"6da27d6a-1e08-4976-b0a8-f73d1679a2aa","timestamp":"2020-03-17T03:10:54+0100","temperature":483655.0,"humidity":-1.0}
{"name":"fbee0e3a-6c25-498a-9744-5b05d997477d","timestamp":"2020-03-17T03:10:54+0100","temperature":6947441.0,"humidity":1363.0}
{"name":"Sensor1","timestamp":"2020-03-17T03:10:58+0100","temperature":-999999.0,"humidity":48.0}
{"name":"Sensor3","timestamp":"2020-03-17T03:10:58+0100","temperature":-999999.0,"humidity":138.0}
{"name":"698c4d15-296a-407e-bd8d-c0fecd37bb86","timestamp":"2020-03-17T03:10:58+0100","temperature":-999999.0,"humidity":450.0}
{"name":"Sensor1","timestamp":"2020-03-17T03:10:59+0100","temperature":36575.0,"humidity":-1.0}
{"name":"Sensor3","timestamp":"2020-03-17T03:10:59+0100","temperature":378628.0,"humidity":-1.0}
{"name":"Sensor1","timestamp":"2020-03-17T03:10:59+0100","temperature":1.3042526E7,"humidity":2129.0}
{"name":"Sensor3","timestamp":"2020-03-17T03:10:59+0100","temperature":116791.0,"humidity":-1.0}
{"name":"73fe6de0-2001-43d8-8cde-3cb97df14b53","timestamp":"2020-03-17T03:10:59+0100","temperature":918258.0,"humidity":1120.0}
{"name":"abea7967-5601-4359-993a-447f729b0b4f","timestamp":"2020-03-17T03:11:00+0100","temperature":-999999.0,"humidity":406.0}
{"name":"Sensor3","timestamp":"2020-03-17T03:11:00+0100","temperature":74423.0,"humidity":-1.0}
{"name":"Sensor1","timestamp":"2020-03-17T03:11:00+0100","temperature":1.4549458E7,"humidity":2331.0}
{"name":"Sensor1","timestamp":"2020-03-17T03:11:00+0100","temperature":431633.0,"humidity":-1.0}
{"name":"c188172e-2fb1-448f-bbc2-2d8bbb40d8f7","timestamp":"2020-03-17T03:11:00+0100","temperature":2490666.0,"humidity":1846.0}
{"name":"Sensor3","timestamp":"2020-03-17T03:11:01+0100","temperature":1901156.0,"humidity":1466.0}
{"name":"Sensor3","timestamp":"2020-03-17T03:11:01+0100","temperature":9765840.0,"humidity":1743.0}
{"name":"Sensor1","timestamp":"2020-03-17T03:11:01+0100","temperature":8585265.0,"humidity":469.0}
{"name":"Sensor3","timestamp":"2020-03-17T03:11:01+0100","temperature":1311396.0,"humidity":1468.0}
{"name":"7a3b42fa-eea0-4405-b2b3-53029ed88918","timestamp":"2020-03-17T03:11:01+0100","temperature":1.6646658E7,"humidity":1773.0}
{"name":"Sensor1","timestamp":"2020-03-17T03:11:02+0100","temperature":251957.0,"humidity":-1.0}
{"name":"cfa43182-4d06-4161-b891-d25777503587","timestamp":"2020-03-17T03:11:02+0100","temperature":-999999.0,"humidity":395.0}
{"name":"Sensor3","timestamp":"2020-03-17T03:11:02+0100","temperature":-999999.0,"humidity":178.0}
{"name":"52a6fb33-9bc9-4227-b40e-0db9b94d7f4f","timestamp":"2020-03-17T03:11:02+0100","temperature":2294006.0,"humidity":148.0}
{"name":"Sensor1","timestamp":"2020-03-17T03:11:02+0100","temperature":4260490.0,"humidity":218.0}
{"name":"Sensor3","timestamp":"2020-03-17T03:11:02+0100","temperature":1.2386708E7,"humidity":193.0}
{"name":"Sensor1","timestamp":"2020-03-17T03:11:03+0100","temperature":-999999.0,"humidity":-1.0}
{"name":"e1a770ac-71d8-469f-9042-52f51afb87f6","timestamp":"2020-03-17T03:11:03+0100","temperature":1.3631666E7,"humidity":172.0}
{"name":"Sensor3","timestamp":"2020-03-17T03:11:03+0100","temperature":282254.0,"humidity":-1.0}
{"name":"Sensor1","timestamp":"2020-03-17T03:11:03+0100","temperature":1.3829036E7,"humidity":683.0}
{"name":"9611767a-3180-43b4-9ae1-6a1803f074fc","timestamp":"2020-03-17T03:11:03+0100","temperature":4784445.0,"humidity":1945.0}
{"name":"Sensor1","timestamp":"2020-03-17T03:11:03+0100","temperature":501661.0,"humidity":-1.0}
{"name":"Sensor3","timestamp":"2020-03-17T03:11:04+0100","temperature":-999999.0,"humidity":875.0}
{"name":"Sensor1","timestamp":"2020-03-17T03:11:07+0100","temperature":-999999.0,"humidity":333.0}
{"name":"19557d4c-1426-482c-b23a-79231fc7ad58","timestamp":"2020-03-17T03:11:08+0100","temperature":-999999.0,"humidity":853.0}
{"name":"Sensor3","timestamp":"2020-03-17T03:11:08+0100","temperature":-999999.0,"humidity":764.0}
{"name":"Sensor1","timestamp":"2020-03-17T03:11:08+0100","temperature":439526.0,"humidity":-1.0}
{"name":"54cabe78-b867-4086-845e-986e38fe4ced","timestamp":"2020-03-17T03:11:08+0100","temperature":8979279.0,"humidity":1231.0}
{"name":"Sensor3","timestamp":"2020-03-17T03:11:08+0100","temperature":2884442.0,"humidity":2259.0}
{"name":"Sensor1","timestamp":"2020-03-17T03:11:09+0100","temperature":1.4287062E7,"humidity":776.0}
{"name":"93eecfe2-4a12-4a2c-8bb5-8544256152d1","timestamp":"2020-03-17T03:11:09+0100","temperature":3080312.0,"humidity":1710.0}
{"name":"Sensor3","timestamp":"2020-03-17T03:11:09+0100","temperature":-999999.0,"humidity":317.0}
{"name":"Sensor1","timestamp":"2020-03-17T03:11:09+0100","temperature":-999999.0,"humidity":951.0}
{"name":"Sensor3","timestamp":"2020-03-17T03:11:10+0100","temperature":9831027.0,"humidity":1034.0}
{"name":"e541e563-feb0-4894-9753-15630e2b104e","timestamp":"2020-03-17T03:11:10+0100","temperature":9633953.0,"humidity":176.0}
{"name":"Sensor1","timestamp":"2020-03-17T03:11:10+0100","temperature":1.6122705E7,"humidity":1355.0}
{"name":"d086f6eb-61ee-4815-a957-93e8b0f16dae","timestamp":"2020-03-17T03:11:10+0100","temperature":-999999.0,"humidity":920.0}
{"name":"Sensor3","timestamp":"2020-03-17T03:11:10+0100","temperature":1.0093487E7,"humidity":1734.0}
{"name":"9c58c2a7-7202-4d2b-9a3e-f1f34e260ec3","timestamp":"2020-03-17T03:11:11+0100","temperature":7274529.0,"humidity":1957.0}
{"name":"Sensor1","timestamp":"2020-03-17T03:11:11+0100","temperature":5898920.0,"humidity":1598.0}
{"name":"Sensor3","timestamp":"2020-03-17T03:11:11+0100","temperature":1.3369975E7,"humidity":2098.0}
{"name":"6f47d8ef-b9f9-4339-89b1-9a33f3226ace","timestamp":"2020-03-17T03:11:11+0100","temperature":1.6122837E7,"humidity":694.0}
{"name":"7996961c-063c-418b-bdac-7a38b6ef560a","timestamp":"2020-03-17T03:11:12+0100","temperature":7668359.0,"humidity":1349.0}
{"name":"Sensor1","timestamp":"2020-03-17T03:11:12+0100","temperature":10597.0,"humidity":-1.0}
{"name":"Sensor3","timestamp":"2020-03-17T03:11:12+0100","temperature":8192243.0,"humidity":1524.0}
{"name":"60788bfa-8178-4616-9b5b-4fe629190f83","timestamp":"2020-03-17T03:11:12+0100","temperature":-999999.0,"humidity":-1.0}
{"name":"Sensor3","timestamp":"2020-03-17T03:11:12+0100","temperature":5177761.0,"humidity":1369.0}
{"name":"Sensor1","timestamp":"2020-03-17T03:11:13+0100","temperature":5308647.0,"humidity":1491.0}
{"name":"3c11f9b1-0f1d-4676-8c78-fa0494356689","timestamp":"2020-03-17T03:11:13+0100","temperature":-999999.0,"humidity":58.0}
{"name":"Sensor3","timestamp":"2020-03-17T03:11:13+0100","temperature":1.1010688E7,"humidity":843.0}
{"name":"Sensor1","timestamp":"2020-03-17T03:11:13+0100","temperature":-999999.0,"humidity":891.0}
{"name":"Sensor3","timestamp":"2020-03-17T03:11:13+0100","temperature":-999999.0,"humidity":814.0}
{"name":"4a842231-4cc6-4ee8-886c-c2ea1b1758ba","timestamp":"2020-03-17T03:11:13+0100","temperature":1.278001E7,"humidity":2062.0}
{"name":"Sensor1","timestamp":"2020-03-17T03:11:13+0100","temperature":-999999.0,"humidity":264.0}
{"name":"Sensor3","timestamp":"2020-03-17T03:11:13+0100","temperature":1.2320956E7,"humidity":1997.0}
{"name":"96e2f54c-5e90-4b49-82fd-8e644fb3da20","timestamp":"2020-03-17T03:11:14+0100","temperature":9306481.0,"humidity":404.0}
{"name":"Sensor1","timestamp":"2020-03-17T03:11:14+0100","temperature":9503549.0,"humidity":1568.0}
{"name":"2ba7083b-f151-4ec3-8fc5-ba5352aeeb2a","timestamp":"2020-03-17T03:11:14+0100","temperature":70578.0,"humidity":-1.0}
{"name":"Sensor3","timestamp":"2020-03-17T03:11:14+0100","temperature":1.2779633E7,"humidity":2053.0}
{"name":"Sensor1","timestamp":"2020-03-17T03:11:15+0100","temperature":1901399.0,"humidity":593.0}
{"name":"c5dbe4c5-23fd-4305-b757-c4acb2c7d63b","timestamp":"2020-03-17T03:11:15+0100","temperature":349299.0,"humidity":-1.0}
{"name":"Sensor1","timestamp":"2020-03-17T03:21:42+0100","temperature":4850201.0,"humidity":569.0}
{"name":"05b7585e-a46c-446d-b3a6-43970c8101da","timestamp":"2020-03-17T03:21:45+0100","temperature":8454497.0,"humidity":1337.0}
{"name":"Sensor3","timestamp":"2020-03-17T03:21:45+0100","temperature":1.251747E7,"humidity":511.0}
{"name":"Sensor1","timestamp":"2020-03-17T03:21:45+0100","temperature":null,"humidity":586.0}
{"name":"Sensor3","timestamp":"2020-03-17T03:21:46+0100","temperature":557584.0,"humidity":-1.0}
{"name":"Sensor1","timestamp":"2020-03-17T03:21:46+0100","temperature":8323541.0,"humidity":1063.0}
{"name":"Sensor3","timestamp":"2020-03-17T03:21:46+0100","temperature":1.579432E7,"humidity":474.0}
{"name":"0bc3cdec-e60d-4048-afab-cc2027faf914","timestamp":"2020-03-17T03:21:46+0100","temperature":5243065.0,"humidity":1485.0}
{"name":"aee9198a-0897-433a-9961-f1c3e95ec2d4","timestamp":"2020-03-17T03:21:47+0100","temperature":null,"humidity":595.0}
{"name":"Sensor1","timestamp":"2020-03-17T03:21:47+0100","temperature":115877.0,"humidity":-1.0}
{"name":"Sensor3","timestamp":"2020-03-17T03:21:47+0100","temperature":1.1010538E7,"humidity":1645.0}
{"name":"eccae08c-33b4-40a6-914f-c9e3a925abd8","timestamp":"2020-03-17T03:21:47+0100","temperature":null,"humidity":764.0}
{"name":"Sensor3","timestamp":"2020-03-17T03:21:48+0100","temperature":8061053.0,"humidity":1462.0}
{"name":"943808c4-539d-434f-9f3f-7e01150eed55","timestamp":"2020-03-17T03:21:48+0100","temperature":1.1207207E7,"humidity":876.0}
{"name":"Sensor1","timestamp":"2020-03-17T03:21:48+0100","temperature":77585.0,"humidity":-1.0}
{"name":"Sensor3","timestamp":"2020-03-17T03:21:48+0100","temperature":4194833.0,"humidity":253.0}
{"name":"cb398015-21ed-4625-8d48-713c38d31230","timestamp":"2020-03-17T03:21:48+0100","temperature":1.5794722E7,"humidity":1004.0}
{"name":"Sensor3","timestamp":"2020-03-17T03:21:48+0100","temperature":1.5663804E7,"humidity":1545.0}
{"name":"Sensor1","timestamp":"2020-03-17T03:21:48+0100","temperature":1180189.0,"humidity":2183.0}
{"name":"e76099fa-61c8-48fd-99a1-8acd8f21829e","timestamp":"2020-03-17T03:21:49+0100","temperature":5046699.0,"humidity":119.0}
{"name":"3a049c8c-185a-470f-8d5a-de596db9ea9f","timestamp":"2020-03-17T03:21:49+0100","temperature":5898404.0,"humidity":1120.0}
{"name":"Sensor3","timestamp":"2020-03-17T03:21:49+0100","temperature":1.2517639E7,"humidity":2285.0}
{"name":"Sensor1","timestamp":"2020-03-17T03:21:49+0100","temperature":5440003.0,"humidity":249.0}
{"name":"b9e3eaa1-72f4-4fd6-ac8a-1c33e9be0702","timestamp":"2020-03-17T03:21:50+0100","temperature":79104.0,"humidity":-1.0}
{"name":"Sensor3","timestamp":"2020-03-17T03:21:50+0100","temperature":6357396.0,"humidity":486.0}
{"name":"Sensor1","timestamp":"2020-03-17T03:21:50+0100","temperature":null,"humidity":748.0}
{"name":"3fd8fbc6-c684-40f2-af88-99703b35b062","timestamp":"2020-03-17T03:21:50+0100","temperature":178377.0,"humidity":-1.0}
{"name":"Sensor3","timestamp":"2020-03-17T03:21:51+0100","temperature":655961.0,"humidity":1997.0}
{"name":"Sensor1","timestamp":"2020-03-17T03:22:18+0100","temperature":-999999.0,"humidity":199.0}
{"name":"6cfe8332-c9ba-4609-ad83-cbdd02363c13","timestamp":"2020-03-17T03:22:18+0100","temperature":null,"humidity":-1.0}
{"name":"Sensor3","timestamp":"2020-03-17T03:22:18+0100","temperature":null,"humidity":1508.0}
{"name":"e35d42aa-843b-4bc3-a819-564a5a06b9ed","timestamp":"2020-03-17T03:22:19+0100","temperature":null,"humidity":-1.0}
{"name":"Sensor1","timestamp":"2020-03-17T03:22:19+0100","temperature":null,"humidity":362.0}
{"name":"f62aa878-b9e2-4f42-a76b-c329dacdc440","timestamp":"2020-03-17T03:22:19+0100","temperature":null,"humidity":-1.0}
{"name":"Sensor3","timestamp":"2020-03-17T03:22:19+0100","temperature":null,"humidity":647.0}
{"name":"ae2c5445-ef2d-4660-8878-b9521c81a5c8","timestamp":"2020-03-17T03:22:19+0100","temperature":null,"humidity":1944.0}
{"name":"Sensor1","timestamp":"2020-03-17T03:22:19+0100","temperature":null,"humidity":2202.0}
{"name":"Sensor1","timestamp":"2020-03-17T03:22:20+0100","temperature":null,"humidity":1603.0}
{"name":"Sensor3","timestamp":"2020-03-17T03:22:20+0100","temperature":-999999.0,"humidity":755.0}
{"name":"b5ed83f6-835f-4141-8659-50ef8b852749","timestamp":"2020-03-17T03:22:20+0100","temperature":null,"humidity":2106.0}
{"name":"Sensor1","timestamp":"2020-03-17T03:22:20+0100","temperature":null,"humidity":2171.0}
{"name":"4787425d-982a-4596-b549-f9814a03e6b5","timestamp":"2020-03-17T03:22:20+0100","temperature":null,"humidity":-1.0}
{"name":"Sensor1","timestamp":"2020-03-17T03:22:20+0100","temperature":null,"humidity":608.0}
{"name":"Sensor3","timestamp":"2020-03-17T03:22:21+0100","temperature":null,"humidity":1242.0}
{"name":"Sensor1","timestamp":"2020-03-17T03:22:21+0100","temperature":null,"humidity":408.0}
{"name":"2711704d-bce7-40a1-af37-bbf9bf818b27","timestamp":"2020-03-17T03:22:21+0100","temperature":null,"humidity":540.0}
{"name":"Sensor1","timestamp":"2020-03-17T03:22:21+0100","temperature":-999999.0,"humidity":169.0}
{"name":"f164dc35-681a-4612-be06-a327cf9213d7","timestamp":"2020-03-17T03:22:21+0100","temperature":null,"humidity":1902.0}
{"name":"Sensor3","timestamp":"2020-03-17T03:22:21+0100","temperature":null,"humidity":1006.0}
{"name":"Sensor1","timestamp":"2020-03-17T03:22:22+0100","temperature":-999999.0,"humidity":535.0}
{"name":"Sensor3","timestamp":"2020-03-17T03:22:22+0100","temperature":-999999.0,"humidity":468.0}
{"name":"d2ae7ef4-1ec8-41b1-aecd-2e716132407c","timestamp":"2020-03-17T03:22:22+0100","temperature":-999999.0,"humidity":-1.0}
{"name":"Sensor3","timestamp":"2020-03-17T03:22:22+0100","temperature":null,"humidity":2178.0}
{"name":"bb98ddd5-519e-4fd4-8aa7-238e093199c8","timestamp":"2020-03-17T03:22:22+0100","temperature":null,"humidity":402.0}
{"name":"Sensor1","timestamp":"2020-03-17T03:22:23+0100","temperature":null,"humidity":-1.0}
{"name":"Sensor3","timestamp":"2020-03-17T03:22:23+0100","temperature":null,"humidity":-1.0}
{"name":"bdaed4b0-3468-4c97-88f7-36ba53fab5cd","timestamp":"2020-03-17T03:22:23+0100","temperature":null,"humidity":511.0}
{"name":"Sensor1","timestamp":"2020-03-17T03:22:23+0100","temperature":null,"humidity":1691.0}
{"name":"Sensor3","timestamp":"2020-03-17T03:22:24+0100","temperature":null,"humidity":1943.0}
{"name":"c1e3087c-e13e-4488-8ccf-ec80c45bf33f","timestamp":"2020-03-17T03:22:24+0100","temperature":null,"humidity":1247.0}
{"name":"Sensor1","timestamp":"2020-03-17T03:22:24+0100","temperature":null,"humidity":-1.0}
{"name":"edc4eb7f-e7b7-4d56-a955-cc21a0dabf42","timestamp":"2020-03-17T03:22:24+0100","temperature":null,"humidity":1941.0}
{"name":"Sensor3","timestamp":"2020-03-17T03:22:24+0100","temperature":null,"humidity":1234.0}
{"name":"Sensor1","timestamp":"2020-03-17T03:22:24+0100","temperature":null,"humidity":1177.0}
{"name":"Sensor3","timestamp":"2020-03-17T03:22:25+0100","temperature":null,"humidity":221.0}
{"name":"Sensor1","timestamp":"2020-03-17T03:22:25+0100","temperature":null,"humidity":-1.0}
{"name":"Sensor3","timestamp":"2020-03-17T03:22:25+0100","temperature":null,"humidity":1542.0}
{"name":"2b0d0c9b-dd15-4dbd-88d5-16018f4577c6","timestamp":"2020-03-17T03:22:25+0100","temperature":-999999.0,"humidity":-1.0}
{"name":"Sensor1","timestamp":"2020-03-17T03:22:25+0100","temperature":-999999.0,"humidity":2.0}
{"name":"89e1d686-3efc-4151-aa71-6f6cc2070eeb","timestamp":"2020-03-17T03:22:26+0100","temperature":null,"humidity":1112.0}
{"name":"Sensor3","timestamp":"2020-03-17T03:22:26+0100","temperature":null,"humidity":1702.0}
{"name":"32a523cf-1a44-4ba7-a4f7-88e0f6ea9b01","timestamp":"2020-03-17T03:22:26+0100","temperature":null,"humidity":1962.0}
{"name":"Sensor1","timestamp":"2020-03-17T03:22:26+0100","temperature":-999999.0,"humidity":51.0}
{"name":"3a8b7543-5db1-433f-b64d-1cca6f3a7e9d","timestamp":"2020-03-17T03:22:27+0100","temperature":null,"humidity":1385.0}
{"name":"Sensor3","timestamp":"2020-03-17T03:22:27+0100","temperature":null,"humidity":2336.0}
{"name":"Sensor3","timestamp":"2020-03-17T03:38:25+0100","temperature":1.4024929E7,"humidity":1607.0}
{"name":"35a8bc92-545f-492d-98d4-7340f5a96785","timestamp":"2020-03-17T03:38:28+0100","temperature":1901227.0,"humidity":480.0}
{"name":"Sensor1","timestamp":"2020-03-17T03:38:28+0100","temperature":null,"humidity":-1.0}
{"name":"Sensor3","timestamp":"2020-03-17T03:38:28+0100","temperature":3342410.0,"humidity":1221.0}
{"name":"a919aea4-38ba-4132-a258-c6c1ab9102e8","timestamp":"2020-03-17T03:38:28+0100","temperature":5767244.0,"humidity":202.0}
{"name":"Sensor3","timestamp":"2020-03-17T03:38:29+0100","temperature":320105.0,"humidity":-1.0}
{"name":"Sensor1","timestamp":"2020-03-17T03:38:29+0100","temperature":6881858.0,"humidity":184.0}
{"name":"Sensor3","timestamp":"2020-03-17T03:38:29+0100","temperature":7340301.0,"humidity":160.0}
{"name":"be833e47-401e-499d-86fe-d995e03bfda8","timestamp":"2020-03-17T03:38:29+0100","temperature":1.2452217E7,"humidity":1408.0}
{"name":"Sensor1","timestamp":"2020-03-17T03:38:30+0100","temperature":7602606.0,"humidity":1160.0}
{"name":"cb9c6183-b429-4749-bbcb-305f1af327b1","timestamp":"2020-03-17T03:38:30+0100","temperature":1.4942274E7,"humidity":1006.0}
{"name":"43a4db18-eb7d-462d-b099-d5e24065c35c","timestamp":"2020-03-17T03:38:30+0100","temperature":1.6188041E7,"humidity":221.0}
{"name":"Sensor3","timestamp":"2020-03-17T03:38:30+0100","temperature":3211492.0,"humidity":280.0}
{"name":"Sensor3","timestamp":"2020-03-17T03:38:30+0100","temperature":3015138.0,"humidity":844.0}
{"name":"3cfa0c31-f651-4de3-9840-e879f930644c","timestamp":"2020-03-17T03:38:30+0100","temperature":1.3042053E7,"humidity":704.0}
{"name":"Sensor1","timestamp":"2020-03-17T03:38:30+0100","temperature":289961.0,"humidity":-1.0}
{"name":"Sensor3","timestamp":"2020-03-17T03:38:31+0100","temperature":1.1403331E7,"humidity":1423.0}
{"name":"Sensor1","timestamp":"2020-03-17T03:38:31+0100","temperature":1.3370129E7,"humidity":205.0}
{"name":"55c8ceb4-3e2f-484f-ac7c-f4afdb0f3247","timestamp":"2020-03-17T03:38:31+0100","temperature":null,"humidity":196.0}
{"name":"Sensor3","timestamp":"2020-03-17T03:38:31+0100","temperature":1.1403392E7,"humidity":76.0}
{"name":"Sensor3","timestamp":"2020-03-17T03:38:32+0100","temperature":1.3107271E7,"humidity":555.0}
{"name":"Sensor1","timestamp":"2020-03-17T03:38:32+0100","temperature":3408431.0,"humidity":2097.0}
{"name":"7db2b0a7-fa4e-4f46-b2e7-ea99b29056af","timestamp":"2020-03-17T03:38:32+0100","temperature":1.0093049E7,"humidity":1402.0}
{"name":"c1717d46-6804-4662-853c-cd281320ff2c","timestamp":"2020-03-17T03:38:32+0100","temperature":1.3304236E7,"humidity":2114.0}
{"name":"Sensor1","timestamp":"2020-03-17T03:38:32+0100","temperature":null,"humidity":882.0}
{"name":"f7ce3bb2-ebe5-4878-ac63-b14e07ff26b9","timestamp":"2020-03-17T03:38:33+0100","temperature":null,"humidity":936.0}
{"name":"Sensor3","timestamp":"2020-03-17T03:38:33+0100","temperature":2687872.0,"humidity":506.0}
{"name":"Sensor1","timestamp":"2020-03-17T03:38:33+0100","temperature":1.284536E7,"humidity":606.0}
{"name":"4035e59a-c51f-4a23-ac82-950096cf2ee1","timestamp":"2020-03-17T03:38:33+0100","temperature":1.2779825E7,"humidity":1818.0}
{"name":"Sensor3","timestamp":"2020-03-17T03:38:33+0100","temperature":572890.0,"humidity":-1.0}
{"name":"Sensor1","timestamp":"2020-03-17T03:38:33+0100","temperature":403884.0,"humidity":-1.0}
{"name":"3dca468f-06ea-47fc-a7ba-6fd56d734bc9","timestamp":"2020-03-17T03:38:34+0100","temperature":1.3107706E7,"humidity":1739.0}
{"name":"Sensor1","timestamp":"2020-03-17T03:38:34+0100","temperature":172664.0,"humidity":-1.0}
{"name":"Sensor3","timestamp":"2020-03-17T03:38:34+0100","temperature":1.5729363E7,"humidity":1768.0}
{"name":"ce8ce888-4001-419b-a71a-872050c9d3ea","timestamp":"2020-03-17T03:38:34+0100","temperature":1.5728711E7,"humidity":631.0}
{"name":"0dcfc255-4f57-4dc1-8ecc-90d2d6a2a428","timestamp":"2020-03-17T03:38:34+0100","temperature":2294684.0,"humidity":1463.0}
{"name":"Sensor3","timestamp":"2020-03-17T03:38:35+0100","temperature":471915.0,"humidity":-1.0}
{"name":"Sensor1","timestamp":"2020-03-17T03:38:35+0100","temperature":null,"humidity":391.0}
{"name":"1ce56d68-dd56-4431-9cea-93679d9cfc94","timestamp":"2020-03-17T03:38:35+0100","temperature":null,"humidity":524.0}
{"name":"c251ec62-d452-4c44-9111-d4c7410a8002","timestamp":"2020-03-17T03:38:35+0100","temperature":null,"humidity":161.0}
{"name":"Sensor3","timestamp":"2020-03-17T03:38:35+0100","temperature":3932243.0,"humidity":1938.0}
{"name":"Sensor1","timestamp":"2020-03-17T03:38:35+0100","temperature":2031989.0,"humidity":636.0}
{"name":"e9868152-a2cf-43fa-acf1-1d479605a327","timestamp":"2020-03-17T03:40:04+0100","temperature":131110.0,"humidity":723.0}
{"name":"Sensor1","timestamp":"2020-03-17T03:40:04+0100","temperature":null,"humidity":158.0}
{"name":"Sensor3","timestamp":"2020-03-17T03:40:04+0100","temperature":null,"humidity":null}
{"name":"22988112-c96f-4ccc-8fe7-775f4e865023","timestamp":"2020-03-17T03:40:05+0100","temperature":null,"humidity":955.0}
{"name":"Sensor3","timestamp":"2020-03-17T03:40:05+0100","temperature":null,"humidity":482.0}
{"name":"Sensor1","timestamp":"2020-03-17T03:40:05+0100","temperature":1.2517673E7,"humidity":701.0}
{"name":"a10d616c-7405-4a25-8d0a-0122fb6e58c2","timestamp":"2020-03-17T03:40:05+0100","temperature":null,"humidity":463.0}
{"name":"Sensor1","timestamp":"2020-03-17T03:40:06+0100","temperature":1.6712389E7,"humidity":1156.0}
{"name":"Sensor3","timestamp":"2020-03-17T03:40:06+0100","temperature":5505443.0,"humidity":282.0}
{"name":"574bd932-95ce-416a-916c-e90817956dd6","timestamp":"2020-03-17T03:40:06+0100","temperature":108762.0,"humidity":null}
{"name":"Sensor1","timestamp":"2020-03-17T03:40:06+0100","temperature":8979387.0,"humidity":2225.0}
{"name":"Sensor3","timestamp":"2020-03-17T03:40:07+0100","temperature":1.5991246E7,"humidity":1706.0}
{"name":"a9fd50db-50a6-4744-bc14-00f6d16274da","timestamp":"2020-03-17T03:40:07+0100","temperature":1.3435435E7,"humidity":2053.0}
{"name":"Sensor1","timestamp":"2020-03-17T03:40:07+0100","temperature":null,"humidity":56.0}
{"name":"Sensor3","timestamp":"2020-03-17T03:40:07+0100","temperature":1.2910775E7,"humidity":2316.0}
{"name":"10e819db-a258-4faa-9f5b-fbbddb7dc4cc","timestamp":"2020-03-17T03:40:08+0100","temperature":3867334.0,"humidity":542.0}
{"name":"Sensor1","timestamp":"2020-03-17T03:40:08+0100","temperature":327995.0,"humidity":868.0}
{"name":"Sensor3","timestamp":"2020-03-17T03:40:08+0100","temperature":null,"humidity":207.0}
{"name":"6dd9189e-d76f-4576-a642-bd69b641a2da","timestamp":"2020-03-17T03:40:08+0100","temperature":null,"humidity":779.0}
{"name":"Sensor3","timestamp":"2020-03-17T03:40:08+0100","temperature":1.271481E7,"humidity":1293.0}
{"name":"Sensor1","timestamp":"2020-03-17T03:40:09+0100","temperature":1.5467184E7,"humidity":629.0}
{"name":"Sensor1","timestamp":"2020-03-17T03:40:09+0100","temperature":1.2517553E7,"humidity":1631.0}
{"name":"defb52fd-bebd-450c-aaac-c806579bdaf5","timestamp":"2020-03-17T03:40:09+0100","temperature":1.6646741E7,"humidity":112.0}
{"name":"Sensor3","timestamp":"2020-03-17T03:40:09+0100","temperature":6489000.0,"humidity":214.0}
{"name":"86897ba6-a71f-48d8-92e9-a3d34d8e84f2","timestamp":"2020-03-17T03:40:09+0100","temperature":316068.0,"humidity":null}
{"name":"Sensor1","timestamp":"2020-03-17T03:40:10+0100","temperature":null,"humidity":448.0}
{"name":"Sensor3","timestamp":"2020-03-17T03:40:10+0100","temperature":null,"humidity":null}
{"name":"Sensor1","timestamp":"2020-03-17T03:40:10+0100","temperature":1835234.0,"humidity":526.0}
{"name":"328eab74-7464-4cb0-be3b-6b5fa3b70be3","timestamp":"2020-03-17T03:40:10+0100","temperature":null,"humidity":null}
{"name":"Sensor3","timestamp":"2020-03-17T03:40:10+0100","temperature":1.3042336E7,"humidity":2317.0}
{"name":"Sensor1","timestamp":"2020-03-17T03:40:11+0100","temperature":156565.0,"humidity":null}
{"name":"Sensor1","timestamp":"2020-03-17T03:40:11+0100","temperature":9372293.0,"humidity":130.0}
{"name":"Sensor3","timestamp":"2020-03-17T03:40:11+0100","temperature":7298.0,"humidity":null}
{"name":"52043810-3df2-496d-97df-656a2ac5cdc0","timestamp":"2020-03-17T03:40:11+0100","temperature":9765565.0,"humidity":1775.0}
{"name":"f6c9d7bf-3f1a-47f8-8ea9-d5ae7686fcac","timestamp":"2020-03-17T03:40:11+0100","temperature":4194647.0,"humidity":2223.0}
{"name":"Sensor3","timestamp":"2020-03-17T03:40:12+0100","temperature":1.5991094E7,"humidity":923.0}
{"name":"7fc70b3d-6cc7-40f6-a8e4-a5dad276aa36","timestamp":"2020-03-17T03:40:12+0100","temperature":1.2911265E7,"humidity":1125.0}
{"name":"Sensor1","timestamp":"2020-03-17T03:40:12+0100","temperature":1.3435041E7,"humidity":1620.0}
{"name":"Sensor3","timestamp":"2020-03-17T03:40:12+0100","temperature":590372.0,"humidity":1522.0}
{"name":"40bf5be3-4899-4777-be84-5c63af182c69","timestamp":"2020-03-17T03:40:12+0100","temperature":6554043.0,"humidity":535.0}
{"name":"83352c7e-5c2c-4ee7-8a10-ffa0613d97c7","timestamp":"2020-03-17T03:40:13+0100","temperature":1572899.0,"humidity":2165.0}
{"name":"Sensor1","timestamp":"2020-03-17T03:40:13+0100","temperature":1.2190468E7,"humidity":521.0}
{"name":"Sensor3","timestamp":"2020-03-17T03:40:13+0100","temperature":6751130.0,"humidity":901.0}
{"name":"156b16b3-6e69-433b-88e7-38a02c8a8fb9","timestamp":"2020-03-17T03:40:13+0100","temperature":279224.0,"humidity":null}
{"name":"Sensor1","timestamp":"2020-03-17T03:40:13+0100","temperature":3408311.0,"humidity":1058.0}
{"name":"Sensor3","timestamp":"2020-03-17T03:40:14+0100","temperature":1.0158938E7,"humidity":1469.0}
{"name":"Sensor1","timestamp":"2020-03-17T03:40:14+0100","temperature":1.291103E7,"humidity":1885.0}
{"name":"4a0518f6-3299-4919-8a8d-2f0971d1960f","timestamp":"2020-03-17T03:40:14+0100","temperature":9700223.0,"humidity":1636.0}
{"name":"Sensor1","timestamp":"2020-03-17T03:40:14+0100","temperature":262896.0,"humidity":2071.0}
{"name":"Sensor3","timestamp":"2020-03-17T03:40:15+0100","temperature":null,"humidity":575.0}
{"name":"e3ec31cd-ba89-4be7-b029-bfa2e10c7662","timestamp":"2020-03-17T03:40:15+0100","temperature":1573125.0,"humidity":1404.0}
{"name":"Sensor3","timestamp":"2020-03-17T03:40:15+0100","temperature":364112.0,"humidity":null}
{"name":"Sensor1","timestamp":"2020-03-17T03:40:15+0100","temperature":1.1206792E7,"humidity":697.0}
{"name":"Sensor1","timestamp":"2020-03-17T03:40:15+0100","temperature":1.1862773E7,"humidity":997.0}
{"name":"Sensor3","timestamp":"2020-03-17T03:40:15+0100","temperature":null,"humidity":727.0}
{"name":"276526e4-baa4-48c9-bb80-1e2aada0acf6","timestamp":"2020-03-17T03:40:15+0100","temperature":49642.0,"humidity":null}
{"name":"afcb0fec-e43b-4481-b42f-52e643405322","timestamp":"2020-03-17T03:40:16+0100","temperature":328554.0,"humidity":1280.0}
{"name":"Sensor3","timestamp":"2020-03-17T03:40:16+0100","temperature":507394.0,"humidity":null}
{"name":"Sensor1","timestamp":"2020-03-17T03:40:16+0100","temperature":116602.0,"humidity":null}
{"name":"a80b6e6a-ad41-4b98-85c8-0856f886cb19","timestamp":"2020-03-17T03:40:17+0100","temperature":null,"humidity":893.0}
{"name":"Sensor3","timestamp":"2020-03-17T03:40:17+0100","temperature":3801610.0,"humidity":235.0}
{"name":"Sensor1","timestamp":"2020-03-17T03:40:17+0100","temperature":852608.0,"humidity":454.0}
{"name":"09eda401-cc36-4bd7-8a2d-ab865c771af7","timestamp":"2020-03-17T03:40:17+0100","temperature":1.2845537E7,"humidity":1015.0}
{"name":"Sensor3","timestamp":"2020-03-17T03:40:17+0100","temperature":1.0617707E7,"humidity":1810.0}
{"name":"Sensor1","timestamp":"2020-03-17T03:40:17+0100","temperature":293492.0,"humidity":null}
{"name":"6748d8d9-9501-42b4-8729-cde6706be4fc","timestamp":"2020-03-17T03:40:17+0100","temperature":9831260.0,"humidity":1881.0}
{"name":"Sensor3","timestamp":"2020-03-17T03:40:18+0100","temperature":328634.0,"humidity":747.0}
{"name":"f2bb6a00-cc74-4ebc-a729-1fa03fb34163","timestamp":"2020-03-17T03:40:18+0100","temperature":1.5794375E7,"humidity":2145.0}
{"name":"Sensor1","timestamp":"2020-03-17T03:40:18+0100","temperature":8389286.0,"humidity":1324.0}
{"name":"3afa9064-0fe1-493b-9800-d75898dc2a3a","timestamp":"2020-03-17T03:40:18+0100","temperature":7340200.0,"humidity":1202.0}
{"name":"Sensor3","timestamp":"2020-03-17T03:40:18+0100","temperature":1.5073756E7,"humidity":144.0}
{"name":"c113d42c-4d36-4ce8-8916-7530d3c8972c","timestamp":"2020-03-17T03:40:19+0100","temperature":5701707.0,"humidity":2126.0}
{"name":"Sensor1","timestamp":"2020-03-17T03:40:19+0100","temperature":1.6712053E7,"humidity":1081.0}
{"name":"Sensor3","timestamp":"2020-03-17T03:40:19+0100","temperature":4850429.0,"humidity":392.0}
{"name":"83cf85fb-e245-4f46-9006-9da073bd620d","timestamp":"2020-03-17T03:40:19+0100","temperature":66208.0,"humidity":622.0}
{"name":"Sensor1","timestamp":"2020-03-17T03:40:19+0100","temperature":null,"humidity":365.0}
{"name":"Sensor1","timestamp":"2020-03-17T03:50:57+0100","temperature":1.2648761E7,"humidity":924.0}
{"name":"988efb65-00af-4ae2-8b1f-c18e63d48e0a","timestamp":"2020-03-17T03:50:57+0100","temperature":null,"humidity":564.0}
{"name":"Sensor3","timestamp":"2020-03-17T03:50:58+0100","temperature":259837.0,"humidity":null}
{"name":"Sensor3","timestamp":"2020-03-17T03:50:58+0100","temperature":2818490.0,"humidity":118.0}
{"name":"72545b68-f021-4ec6-b384-fce838b2de44","timestamp":"2020-03-17T03:50:58+0100","temperature":4587652.0,"humidity":2048.0}
{"name":"Sensor1","timestamp":"2020-03-17T03:50:58+0100","temperature":1.5991504E7,"humidity":2068.0}
{"name":"efc9d732-1099-4399-b694-f30a27577fa2","timestamp":"2020-03-17T03:50:58+0100","temperature":6553681.0,"humidity":1034.0}
{"name":"Sensor3","timestamp":"2020-03-17T03:50:58+0100","temperature":1.5663256E7,"humidity":847.0}
{"name":"Sensor1","timestamp":"2020-03-17T03:50:59+0100","temperature":null,"humidity":933.0}
{"name":"622ea950-3c74-4293-adfb-c6fe20379d09","timestamp":"2020-03-17T03:50:59+0100","temperature":1.5991492E7,"humidity":1302.0}
{"name":"Sensor1","timestamp":"2020-03-17T03:50:59+0100","temperature":1.3108044E7,"humidity":1582.0}
{"name":"Sensor3","timestamp":"2020-03-17T03:50:59+0100","temperature":1.4352683E7,"humidity":711.0}
{"name":"Sensor1","timestamp":"2020-03-17T03:50:59+0100","temperature":1.5336177E7,"humidity":2330.0}
{"name":"76152acd-92e3-4281-aa3d-7f96489b132f","timestamp":"2020-03-17T03:51:00+0100","temperature":null,"humidity":583.0}
{"name":"Sensor3","timestamp":"2020-03-17T03:51:00+0100","temperature":null,"humidity":null}
{"name":"Sensor1","timestamp":"2020-03-17T03:51:00+0100","temperature":262317.0,"humidity":1675.0}
{"name":"Sensor3","timestamp":"2020-03-17T03:51:00+0100","temperature":3802029.0,"humidity":918.0}
{"name":"Sensor1","timestamp":"2020-03-17T03:51:01+0100","temperature":1.0486648E7,"humidity":1395.0}
{"name":"ecbeac7e-3af7-419e-ba92-9df7ad1703d1","timestamp":"2020-03-17T03:51:01+0100","temperature":1.2059094E7,"humidity":2241.0}
{"name":"Sensor3","timestamp":"2020-03-17T03:51:01+0100","temperature":134434.0,"humidity":null}
{"name":"f35c1684-e948-42cc-a32c-5431cfa800b5","timestamp":"2020-03-17T03:51:01+0100","temperature":6685188.0,"humidity":2263.0}
{"name":"Sensor1","timestamp":"2020-03-17T03:51:01+0100","temperature":1.3107808E7,"humidity":248.0}
{"name":"Sensor3","timestamp":"2020-03-17T03:51:01+0100","temperature":1.4352969E7,"humidity":513.0}
{"name":"Sensor3","timestamp":"2020-03-17T03:51:02+0100","temperature":8454236.0,"humidity":2061.0}
{"name":"26444d47-f211-4a9e-bb6e-def9ea3cb3fc","timestamp":"2020-03-17T03:51:02+0100","temperature":7144073.0,"humidity":2000.0}
{"name":"Sensor1","timestamp":"2020-03-17T03:51:02+0100","temperature":422861.0,"humidity":null}
{"name":"1aa2c091-28f5-4de5-8299-920fbda9a46a","timestamp":"2020-03-17T03:51:02+0100","temperature":428137.0,"humidity":null}
{"name":"aea738f6-26da-4a68-8fed-e6e5f8cbc564","timestamp":"2020-03-17T03:51:02+0100","temperature":7405981.0,"humidity":1820.0}
{"name":"Sensor1","timestamp":"2020-03-17T03:51:02+0100","temperature":7012989.0,"humidity":1404.0}
{"name":"Sensor3","timestamp":"2020-03-17T03:51:02+0100","temperature":1.4091207E7,"humidity":928.0}
{"name":"Sensor3","timestamp":"2020-03-17T03:51:03+0100","temperature":1.3042338E7,"humidity":1529.0}
{"name":"Sensor1","timestamp":"2020-03-17T03:51:03+0100","temperature":5636790.0,"humidity":314.0}
{"name":"6a7fd0c6-c486-43da-9a8d-4df64870f51e","timestamp":"2020-03-17T03:51:03+0100","temperature":278400.0,"humidity":null}
{"name":"5aa27a53-e68b-4acf-a920-d0ed07a20c8d","timestamp":"2020-03-17T03:51:03+0100","temperature":1.4484112E7,"humidity":648.0}
{"name":"Sensor1","timestamp":"2020-03-17T03:51:04+0100","temperature":6423361.0,"humidity":201.0}
{"name":"93354ac3-ade3-49b3-9a67-a545028aa20c","timestamp":"2020-03-17T03:51:04+0100","temperature":1.2190014E7,"humidity":1348.0}
{"name":"Sensor3","timestamp":"2020-03-17T03:51:04+0100","temperature":154630.0,"humidity":null}
{"name":"Sensor1","timestamp":"2020-03-17T03:51:04+0100","temperature":1.3828149E7,"humidity":893.0}
{"name":"6f952df5-1e65-4c16-91d8-307acc3d1cbd","timestamp":"2020-03-17T03:51:05+0100","temperature":176454.0,"humidity":null}
{"name":"Sensor3","timestamp":"2020-03-17T03:51:05+0100","temperature":null,"humidity":158.0}
{"name":"Sensor1","timestamp":"2020-03-17T03:51:05+0100","temperature":1.3304048E7,"humidity":634.0}
{"name":"Sensor3","timestamp":"2020-03-17T03:51:05+0100","temperature":1245750.0,"humidity":1221.0}
{"name":"77599654-1f34-4a73-ba2a-6552244d04e0","timestamp":"2020-03-17T03:51:06+0100","temperature":1.232172E7,"humidity":516.0}
{"name":"Sensor1","timestamp":"2020-03-17T03:51:06+0100","temperature":221913.0,"humidity":null}
{"name":"Sensor3","timestamp":"2020-03-17T03:51:06+0100","temperature":1.1600256E7,"humidity":1481.0}
{"name":"61ceef18-3024-413f-9381-8f63b351b210","timestamp":"2020-03-17T03:51:06+0100","temperature":524935.0,"humidity":37.0}
{"name":"Sensor3","timestamp":"2020-03-17T03:51:07+0100","temperature":1.1206914E7,"humidity":358.0}
{"name":"Sensor1","timestamp":"2020-03-17T03:51:07+0100","temperature":4653759.0,"humidity":334.0}
{"name":"Sensor3","timestamp":"2020-03-17T03:51:07+0100","temperature":null,"humidity":204.0}
{"name":"Sensor1","timestamp":"2020-03-17T03:51:07+0100","temperature":9175817.0,"humidity":735.0}
{"name":"483f1f88-7211-4a67-97b6-35e359005d7f","timestamp":"2020-03-17T03:51:07+0100","temperature":331343.0,"humidity":null}
{"name":"b3426a1f-3c52-4cea-af06-961f4fafa9a0","timestamp":"2020-03-17T03:51:08+0100","temperature":381495.0,"humidity":null}
{"name":"Sensor1","timestamp":"2020-03-17T03:51:08+0100","temperature":5374124.0,"humidity":936.0}
{"name":"Sensor3","timestamp":"2020-03-17T03:51:08+0100","temperature":1835583.0,"humidity":727.0}
{"name":"1521e0ef-0fb3-46fb-a8aa-d989824baad5","timestamp":"2020-03-17T03:51:08+0100","temperature":1.3697992E7,"humidity":844.0}
{"name":"Sensor1","timestamp":"2020-03-17T03:51:08+0100","temperature":1.3239228E7,"humidity":2122.0}
{"name":"Sensor3","timestamp":"2020-03-17T03:51:09+0100","temperature":null,"humidity":null}
{"name":"e11deb69-3e41-4e4d-a942-eeff8fa64f38","timestamp":"2020-03-17T03:51:09+0100","temperature":4522022.0,"humidity":1575.0}
{"name":"Sensor1","timestamp":"2020-03-17T03:51:09+0100","temperature":1638476.0,"humidity":1207.0}
{"name":"Sensor3","timestamp":"2020-03-17T03:51:09+0100","temperature":null,"humidity":338.0}
{"name":"97f95881-60bb-477d-8875-3a7dcdcafa0c","timestamp":"2020-03-17T03:51:10+0100","temperature":1.6712583E7,"humidity":709.0}
{"name":"efb84e17-2372-4a2d-9624-fe51eff5c3b2","timestamp":"2020-03-17T03:51:10+0100","temperature":2884196.0,"humidity":1992.0}
{"name":"Sensor3","timestamp":"2020-03-17T03:51:10+0100","temperature":null,"humidity":null}
{"name":"Sensor1","timestamp":"2020-03-17T03:51:10+0100","temperature":null,"humidity":708.0}
{"name":"5b34cc85-6469-4194-bcf2-3d705a62dbff","timestamp":"2020-03-17T03:51:10+0100","temperature":8061070.0,"humidity":1196.0}
{"name":"Sensor1","timestamp":"2020-03-17T03:51:10+0100","temperature":1.1141729E7,"humidity":1220.0}
{"name":"e827a3a9-f5b0-44f4-b907-ad19647201e4","timestamp":"2020-03-17T03:51:11+0100","temperature":133291.0,"humidity":null}
{"name":"Sensor3","timestamp":"2020-03-17T03:51:11+0100","temperature":6816461.0,"humidity":2291.0}
{"name":"Sensor3","timestamp":"2020-03-17T03:51:11+0100","temperature":1.3959257E7,"humidity":1220.0}
{"name":"e8097ce1-6865-438a-b2c7-d6cafb8582cb","timestamp":"2020-03-17T03:51:11+0100","temperature":506149.0,"humidity":null}
{"name":"Sensor1","timestamp":"2020-03-17T03:51:11+0100","temperature":1.6515145E7,"humidity":1293.0}
{"name":"1706ce82-7e34-4155-bb68-71370fff2651","timestamp":"2020-03-17T03:51:11+0100","temperature":1.0682924E7,"humidity":1482.0}
{"name":"Sensor3","timestamp":"2020-03-17T03:51:12+0100","temperature":185779.0,"humidity":null}
{"name":"e62f5ec6-6a0c-42d7-bd35-39566604dd10","timestamp":"2020-03-17T03:51:12+0100","temperature":182538.0,"humidity":null}
{"name":"Sensor1","timestamp":"2020-03-17T03:51:12+0100","temperature":3932268.0,"humidity":791.0}
{"name":"507c79af-f7a1-4e49-a4e4-41d82a51382c","timestamp":"2020-03-17T03:51:13+0100","temperature":1.6646652E7,"humidity":732.0}
{"name":"Sensor1","timestamp":"2020-03-17T03:51:13+0100","temperature":null,"humidity":155.0}
{"name":"Sensor3","timestamp":"2020-03-17T03:51:13+0100","temperature":null,"humidity":638.0}
{"name":"8e8de291-b26b-414e-9500-310e3e2eb0c8","timestamp":"2020-03-17T03:51:13+0100","temperature":3670181.0,"humidity":2181.0}
{"name":"Sensor3","timestamp":"2020-03-17T03:51:13+0100","temperature":459583.0,"humidity":1216.0}
{"name":"Sensor1","timestamp":"2020-03-17T03:51:13+0100","temperature":2687106.0,"humidity":2205.0}
{"name":"6ff2270e-c0e0-4d94-b52e-585f6f82f8e6","timestamp":"2020-03-17T03:51:13+0100","temperature":1.4090648E7,"humidity":525.0}
{"name":"Sensor1","timestamp":"2020-03-17T03:51:14+0100","temperature":4194589.0,"humidity":2103.0}
{"name":"Sensor3","timestamp":"2020-03-17T03:51:14+0100","temperature":6881330.0,"humidity":1512.0}
{"name":"Sensor1","timestamp":"2020-03-17T03:51:14+0100","temperature":null,"humidity":null}
{"name":"bfa49b2a-4b5e-4b31-b974-98fd5946413f","timestamp":"2020-03-17T03:51:14+0100","temperature":5243295.0,"humidity":508.0}
{"name":"Sensor3","timestamp":"2020-03-17T03:51:14+0100","temperature":null,"humidity":456.0}
{"name":"443677fc-aca9-4836-afc1-d44a5ab8344b","timestamp":"2020-03-17T03:51:15+0100","temperature":null,"humidity":547.0}
{"name":"2c4b4073-fff7-492d-8d3b-a46ffd9d03ae","timestamp":"2020-03-17T03:51:15+0100","temperature":4849957.0,"humidity":2001.0}
{"name":"Sensor3","timestamp":"2020-03-17T03:51:15+0100","temperature":null,"humidity":909.0}
{"name":"Sensor1","timestamp":"2020-03-17T03:51:15+0100","temperature":null,"humidity":null}
{"name":"Sensor3","timestamp":"2020-03-17T03:51:16+0100","temperature":null,"humidity":856.0}
{"name":"6925adb7-2457-4999-bb0a-767d3582687c","timestamp":"2020-03-17T03:51:16+0100","temperature":44389.0,"humidity":null}
{"name":"Sensor1","timestamp":"2020-03-17T03:51:16+0100","temperature":1.0945187E7,"humidity":2191.0}
{"name":"Sensor3","timestamp":"2020-03-17T03:51:16+0100","temperature":8716556.0,"humidity":1043.0}
{"name":"Sensor1","timestamp":"2020-03-17T03:51:16+0100","temperature":null,"humidity":null}
{"name":"0980632d-fdba-4406-9b8f-ce961bd03fb8","timestamp":"2020-03-17T03:51:17+0100","temperature":375606.0,"humidity":null}
{"name":"Sensor3","timestamp":"2020-03-17T03:51:17+0100","temperature":4522763.0,"humidity":815.0}
{"name":"33f5f12c-e3ba-4e06-8421-85dcf368133c","timestamp":"2020-03-17T03:51:17+0100","temperature":8979426.0,"humidity":2166.0}
{"name":"Sensor3","timestamp":"2020-03-17T03:51:17+0100","temperature":6029811.0,"humidity":1693.0}
{"name":"Sensor3","timestamp":"2020-03-17T03:51:17+0100","temperature":1.3631559E7,"humidity":632.0}
{"name":"Sensor1","timestamp":"2020-03-17T03:51:17+0100","temperature":null,"humidity":957.0}
{"name":"29377db7-8e0a-4caf-ad6b-ede504bf91fc","timestamp":"2020-03-17T03:51:17+0100","temperature":1.4811268E7,"humidity":1839.0}
{"name":"357ccb6f-7baf-4b6e-8891-5c53a9f7b030","timestamp":"2020-03-17T03:51:18+0100","temperature":null,"humidity":750.0}
{"name":"Sensor3","timestamp":"2020-03-17T03:51:18+0100","temperature":529767.0,"humidity":null}
{"name":"68748e40-f7f6-4a0a-957f-e7714059fc5a","timestamp":"2020-03-17T03:51:18+0100","temperature":null,"humidity":189.0}
{"name":"Sensor1","timestamp":"2020-03-17T03:51:18+0100","temperature":355525.0,"humidity":null}
{"name":"Sensor1","timestamp":"2020-03-17T03:51:19+0100","temperature":null,"humidity":null}
{"name":"Sensor3","timestamp":"2020-03-17T03:51:19+0100","temperature":1.3042288E7,"humidity":1055.0}
{"name":"dc911917-ca4d-4558-b54e-f91ccb7e4091","timestamp":"2020-03-17T03:51:19+0100","temperature":2884494.0,"humidity":1818.0}
{"name":"Sensor3","timestamp":"2020-03-17T03:51:19+0100","temperature":9896556.0,"humidity":2092.0}
{"name":"Sensor1","timestamp":"2020-03-17T03:51:19+0100","temperature":1.4090372E7,"humidity":1524.0}
{"name":"3a231a97-699d-48c7-a94a-9bdcb1b43a33","timestamp":"2020-03-17T03:51:20+0100","temperature":1.4548994E7,"humidity":2197.0}
{"name":"Sensor3","timestamp":"2020-03-17T03:51:20+0100","temperature":1.166566E7,"humidity":2078.0}
{"name":"affbd844-5254-4620-9a32-6b2396363433","timestamp":"2020-03-17T03:51:20+0100","temperature":3276949.0,"humidity":179.0}
{"name":"Sensor3","timestamp":"2020-03-17T03:51:20+0100","temperature":3211327.0,"humidity":324.0}
{"name":"Sensor1","timestamp":"2020-03-17T03:51:20+0100","temperature":null,"humidity":553.0}
{"name":"f28599b0-f8cb-459b-9a54-69c3eb00f566","timestamp":"2020-03-17T03:51:20+0100","temperature":483287.0,"humidity":null}
{"name":"Sensor3","timestamp":"2020-03-17T03:51:21+0100","temperature":135260.0,"humidity":null}
{"name":"Sensor1","timestamp":"2020-03-17T03:51:21+0100","temperature":null,"humidity":488.0}
{"name":"88028298-c24f-4b45-bf57-33718a6df74f","timestamp":"2020-03-17T03:51:21+0100","temperature":1.0355646E7,"humidity":2028.0}
{"name":"Sensor3","timestamp":"2020-03-17T03:51:21+0100","temperature":null,"humidity":502.0}
{"name":"Sensor1","timestamp":"2020-03-17T03:51:21+0100","temperature":1.0158941E7,"humidity":968.0}
{"name":"3b2182ec-0745-4b71-b3a6-aaa453c4ce18","timestamp":"2020-03-17T03:51:21+0100","temperature":9568351.0,"humidity":1699.0}
{"name":"Sensor3","timestamp":"2020-03-17T03:51:22+0100","temperature":5243505.0,"humidity":409.0}
{"name":"Sensor3","timestamp":"2020-03-17T03:51:22+0100","temperature":520327.0,"humidity":null}
{"name":"6ee71249-5c31-4aa3-92f8-2091fea7131b","timestamp":"2020-03-17T03:51:22+0100","temperature":172590.0,"humidity":null}
{"name":"Sensor1","timestamp":"2020-03-17T03:51:22+0100","temperature":3342540.0,"humidity":1739.0}
{"name":"Sensor3","timestamp":"2020-03-17T03:51:23+0100","temperature":null,"humidity":1.0}
{"name":"de1c802c-95f9-4fca-ac67-462acadcdc85","timestamp":"2020-03-17T03:51:23+0100","temperature":null,"humidity":684.0}
{"name":"Sensor3","timestamp":"2020-03-17T03:51:23+0100","temperature":1.3500806E7,"humidity":2292.0}
{"name":"Sensor1","timestamp":"2020-03-17T03:51:23+0100","temperature":null,"humidity":null}
{"name":"e17a1e9a-3de9-4653-92e6-6f86009ea320","timestamp":"2020-03-17T03:51:23+0100","temperature":1.2124383E7,"humidity":673.0}
{"name":"Sensor1","timestamp":"2020-03-17T03:51:24+0100","temperature":2097930.0,"humidity":2103.0}
{"name":"dce1db05-2528-49d0-aa47-9b12839076af","timestamp":"2020-03-17T03:51:24+0100","temperature":5833245.0,"humidity":219.0}
{"name":"Sensor3","timestamp":"2020-03-17T03:51:24+0100","temperature":1.4222234E7,"humidity":849.0}
{"name":"423e7914-8351-4141-b03b-e6a76fc18ea9","timestamp":"2020-03-17T03:51:24+0100","temperature":null,"humidity":678.0}
{"name":"7e4de0bb-4420-41cd-b6fa-2e882d272293","timestamp":"2020-03-17T03:51:25+0100","temperature":3473408.0,"humidity":215.0}
{"name":"Sensor1","timestamp":"2020-03-17T03:51:25+0100","temperature":7865196.0,"humidity":1814.0}
{"name":"Sensor3","timestamp":"2020-03-17T03:51:25+0100","temperature":null,"humidity":226.0}
{"name":"7aea67f8-23d1-4e60-96be-d10cf48a37d9","timestamp":"2020-03-17T03:51:25+0100","temperature":8127146.0,"humidity":2145.0}
{"name":"9ad5bf2e-b2a8-4a70-8d6b-f8f66e4e8e3d","timestamp":"2020-03-17T03:51:25+0100","temperature":4194971.0,"humidity":786.0}
{"name":"Sensor3","timestamp":"2020-03-17T03:51:25+0100","temperature":null,"humidity":null}
{"name":"Sensor1","timestamp":"2020-03-17T03:51:25+0100","temperature":null,"humidity":766.0}
{"name":"Sensor3","timestamp":"2020-03-17T03:51:26+0100","temperature":1.3369625E7,"humidity":39.0}
{"name":"30711759-c212-4a05-b252-0b5012d5cef1","timestamp":"2020-03-17T03:51:26+0100","temperature":1.0813511E7,"humidity":1630.0}
{"name":"Sensor1","timestamp":"2020-03-17T03:51:26+0100","temperature":7406071.0,"humidity":281.0}
{"name":"Sensor3","timestamp":"2020-03-17T03:51:26+0100","temperature":1.6712297E7,"humidity":96.0}
