{"name":"Sensor1","timestamp":"2020-03-17T13:27:10+0100","temperature":1.3959837E7,"humidity":114.0}
{"name":"432b837f-a09c-48c0-80dd-e4730a5ec610","timestamp":"2020-03-17T13:27:11+0100","temperature":1.5859751E7,"humidity":574.0}
{"name":"Sensor3","timestamp":"2020-03-17T13:27:11+0100","temperature":null,"humidity":819.0}
{"name":"Sensor1","timestamp":"2020-03-17T13:27:11+0100","temperature":1.5729258E7,"humidity":300.0}
{"name":"5c723947-e33a-4a73-a018-a66a4c3d3f7d","timestamp":"2020-03-17T13:27:11+0100","temperature":null,"humidity":null}
{"name":"Sensor3","timestamp":"2020-03-17T13:27:12+0100","temperature":5636145.0,"humidity":70.0}
{"name":"7592eb17-2b0c-4045-8e76-51defac6a8ca","timestamp":"2020-03-17T13:27:12+0100","temperature":1.0748789E7,"humidity":394.0}
{"name":"Sensor3","timestamp":"2020-03-17T13:27:12+0100","temperature":1.245222E7,"humidity":1318.0}
{"name":"Sensor1","timestamp":"2020-03-17T13:27:12+0100","temperature":5899050.0,"humidity":1493.0}
{"name":"961001e0-7c20-4be1-a7b5-c833031dde5b","timestamp":"2020-03-17T13:27:12+0100","temperature":917529.0,"humidity":1366.0}
{"name":"Sensor3","timestamp":"2020-03-17T13:27:13+0100","temperature":1.4483679E7,"humidity":622.0}
{"name":"Sensor1","timestamp":"2020-03-17T13:27:13+0100","temperature":442426.0,"humidity":null}
{"name":"95a7080c-7a63-49ea-9932-a78f8b59de0d","timestamp":"2020-03-17T13:27:13+0100","temperature":6619825.0,"humidity":646.0}
{"name":"Sensor1","timestamp":"2020-03-17T13:27:13+0100","temperature":6226777.0,"humidity":1279.0}
{"name":"Sensor3","timestamp":"2020-03-17T13:27:13+0100","temperature":382769.0,"humidity":null}
{"name":"Sensor3","timestamp":"2020-03-17T13:27:14+0100","temperature":1966296.0,"humidity":614.0}
{"name":"80095557-7469-4258-9278-26eba788ac5d","timestamp":"2020-03-17T13:27:14+0100","temperature":1.1862346E7,"humidity":1407.0}
{"name":"Sensor1","timestamp":"2020-03-17T13:27:14+0100","temperature":587510.0,"humidity":null}
{"name":"1a11ac7b-17d3-44ca-9dd0-bf93d98a7010","timestamp":"2020-03-17T13:27:15+0100","temperature":1.6056737E7,"humidity":353.0}
{"name":"Sensor3","timestamp":"2020-03-17T13:27:15+0100","temperature":null,"humidity":602.0}
{"name":"Sensor1","timestamp":"2020-03-17T13:27:15+0100","temperature":3342558.0,"humidity":1358.0}
{"name":"8e9ca59e-4a6c-4d18-b406-8e7dff03e2a4","timestamp":"2020-03-17T13:27:15+0100","temperature":1.14041E7,"humidity":1825.0}
{"name":"Sensor3","timestamp":"2020-03-17T13:27:15+0100","temperature":null,"humidity":881.0}
{"name":"Sensor1","timestamp":"2020-03-17T13:27:15+0100","temperature":231807.0,"humidity":null}
{"name":"Sensor3","timestamp":"2020-03-17T13:27:16+0100","temperature":1.2124606E7,"humidity":1340.0}
{"name":"73892657-f44c-47d0-b333-874daedfffa2","timestamp":"2020-03-17T13:27:16+0100","temperature":null,"humidity":543.0}
{"name":"Sensor1","timestamp":"2020-03-17T13:27:16+0100","temperature":167144.0,"humidity":null}
{"name":"Sensor3","timestamp":"2020-03-17T13:27:16+0100","temperature":null,"humidity":298.0}
{"name":"Sensor1","timestamp":"2020-03-17T13:27:16+0100","temperature":1507800.0,"humidity":730.0}
{"name":"Sensor3","timestamp":"2020-03-17T13:27:17+0100","temperature":2622439.0,"humidity":407.0}
{"name":"cb22acfb-20af-4615-a1ca-21f6d2e6478c","timestamp":"2020-03-17T13:27:17+0100","temperature":1.3172773E7,"humidity":1998.0}
{"name":"Sensor3","timestamp":"2020-03-17T13:27:17+0100","temperature":1.3239142E7,"humidity":2318.0}
{"name":"Sensor1","timestamp":"2020-03-17T13:27:17+0100","temperature":1.4353276E7,"humidity":95.0}
{"name":"2183d528-2d9b-440e-af33-6b2d36a7fd6d","timestamp":"2020-03-17T13:27:17+0100","temperature":506756.0,"humidity":null}
{"name":"Sensor3","timestamp":"2020-03-17T13:27:18+0100","temperature":5702294.0,"humidity":1897.0}
{"name":"8c2cdc24-bbf8-4230-8b07-55a55e0ae457","timestamp":"2020-03-17T13:27:18+0100","temperature":9633905.0,"humidity":678.0}
{"name":"Sensor3","timestamp":"2020-03-17T13:27:18+0100","temperature":7602398.0,"humidity":577.0}
{"name":"Sensor1","timestamp":"2020-03-17T13:27:18+0100","temperature":2097361.0,"humidity":14.0}
{"name":"bbfcdd47-8c9b-4a23-b669-28739f6f60c9","timestamp":"2020-03-17T13:27:18+0100","temperature":2621728.0,"humidity":665.0}
{"name":"Sensor3","timestamp":"2020-03-17T13:27:18+0100","temperature":null,"humidity":459.0}
{"name":"Sensor1","timestamp":"2020-03-17T13:27:19+0100","temperature":9831128.0,"humidity":1811.0}
{"name":"e1e71dd3-1750-4483-8cbc-e00564fb7824","timestamp":"2020-03-17T13:27:19+0100","temperature":null,"humidity":59.0}
{"name":"7ee37586-e415-45ca-a611-91d303a65635","timestamp":"2020-03-17T13:27:19+0100","temperature":592949.0,"humidity":null}
{"name":"Sensor3","timestamp":"2020-03-17T13:27:19+0100","temperature":1.2910841E7,"humidity":1470.0}
{"name":"d117fe2e-f4e0-4123-8013-ed23eb2e4dd1","timestamp":"2020-03-17T13:27:20+0100","temperature":1704216.0,"humidity":1331.0}
{"name":"Sensor1","timestamp":"2020-03-17T13:27:20+0100","temperature":524958.0,"humidity":1221.0}
{"name":"Sensor3","timestamp":"2020-03-17T13:27:20+0100","temperature":null,"humidity":null}
{"name":"83a79f82-5c1c-4b22-846a-5e6e7115acce","timestamp":"2020-03-17T13:27:20+0100","temperature":null,"humidity":335.0}
{"name":"Sensor1","timestamp":"2020-03-17T13:27:20+0100","temperature":79840.0,"humidity":null}
{"name":"Sensor3","timestamp":"2020-03-17T13:27:20+0100","temperature":5767653.0,"humidity":1928.0}
{"name":"d32e5765-8efc-4a37-980a-98612b91bd84","timestamp":"2020-03-17T13:27:21+0100","temperature":9109991.0,"humidity":1791.0}
{"name":"Sensor1","timestamp":"2020-03-17T13:27:21+0100","temperature":1.0027826E7,"humidity":1660.0}
{"name":"Sensor3","timestamp":"2020-03-17T13:27:21+0100","temperature":519248.0,"humidity":null}
{"name":"2eefd428-6bdc-470f-9134-409120dc7d78","timestamp":"2020-03-17T13:27:21+0100","temperature":1.5532394E7,"humidity":576.0}
{"name":"Sensor1","timestamp":"2020-03-17T13:27:21+0100","temperature":null,"humidity":171.0}
{"name":"f0005421-4fce-4c5e-91b6-23360114cf43","timestamp":"2020-03-17T13:27:21+0100","temperature":null,"humidity":257.0}
{"name":"Sensor1","timestamp":"2020-03-17T13:27:22+0100","temperature":3408389.0,"humidity":477.0}
{"name":"Sensor3","timestamp":"2020-03-17T13:27:22+0100","temperature":1.1796853E7,"humidity":1012.0}
{"name":"3cb829d2-6569-4fe4-b7df-643363ec39c1","timestamp":"2020-03-17T13:27:22+0100","temperature":1442168.0,"humidity":661.0}
{"name":"Sensor1","timestamp":"2020-03-17T13:27:22+0100","temperature":852083.0,"humidity":2043.0}
{"name":"add6fc68-5398-40f6-bba3-eb225e781d6c","timestamp":"2020-03-17T13:27:22+0100","temperature":2818414.0,"humidity":410.0}
{"name":"Sensor1","timestamp":"2020-03-17T13:27:22+0100","temperature":3998142.0,"humidity":1107.0}
{"name":"Sensor3","timestamp":"2020-03-17T13:27:22+0100","temperature":6160632.0,"humidity":2203.0}
{"name":"c354deb0-fc6e-4e00-a51c-a8203bb5b110","timestamp":"2020-03-17T13:27:23+0100","temperature":1.1141366E7,"humidity":257.0}
{"name":"Sensor1","timestamp":"2020-03-17T13:27:23+0100","temperature":null,"humidity":875.0}
{"name":"c22aee0f-0188-4d3b-901d-c9aa5819849d","timestamp":"2020-03-17T13:27:23+0100","temperature":1.3501218E7,"humidity":18.0}
{"name":"Sensor3","timestamp":"2020-03-17T13:27:23+0100","temperature":null,"humidity":497.0}
{"name":"776a6e85-3c23-409d-81a1-f0d6686ad12d","timestamp":"2020-03-17T13:27:24+0100","temperature":3015183.0,"humidity":426.0}
{"name":"Sensor1","timestamp":"2020-03-17T13:27:24+0100","temperature":352923.0,"humidity":null}
{"name":"Sensor3","timestamp":"2020-03-17T13:27:24+0100","temperature":6750752.0,"humidity":1127.0}
{"name":"4522040a-0596-443c-bdd4-f2e211cbef15","timestamp":"2020-03-17T13:27:24+0100","temperature":917707.0,"humidity":133.0}
{"name":"97058f34-bf40-4371-8ce5-76585cbd66f8","timestamp":"2020-03-17T13:27:25+0100","temperature":4784832.0,"humidity":1299.0}
{"name":"Sensor1","timestamp":"2020-03-17T13:27:25+0100","temperature":200987.0,"humidity":null}
{"name":"acd5eb5e-2ae1-4fd3-8763-86b1b0b50200","timestamp":"2020-03-17T13:27:25+0100","temperature":2883619.0,"humidity":821.0}
{"name":"Sensor3","timestamp":"2020-03-17T13:27:25+0100","temperature":9962394.0,"humidity":1557.0}
{"name":"c0e3b72a-c870-493b-aed8-08e246fe4c6b","timestamp":"2020-03-17T13:27:25+0100","temperature":469694.0,"humidity":null}
{"name":"Sensor3","timestamp":"2020-03-17T13:27:25+0100","temperature":8126915.0,"humidity":1937.0}
{"name":"Sensor1","timestamp":"2020-03-17T13:27:25+0100","temperature":1.4418608E7,"humidity":1072.0}
{"name":"Sensor3","timestamp":"2020-03-17T13:27:25+0100","temperature":2883908.0,"humidity":2023.0}
{"name":"Sensor1","timestamp":"2020-03-17T13:27:26+0100","temperature":1.1469605E7,"humidity":1269.0}
{"name":"17c44489-fe43-4f38-98cb-5c1224e59b7e","timestamp":"2020-03-17T13:27:26+0100","temperature":230739.0,"humidity":null}
{"name":"Sensor3","timestamp":"2020-03-17T13:27:26+0100","temperature":3801364.0,"humidity":1803.0}
{"name":"Sensor3","timestamp":"2020-03-17T13:27:26+0100","temperature":406259.0,"humidity":null}
{"name":"27f6f04b-c51c-40f7-aaa3-5b1c8ede901b","timestamp":"2020-03-17T13:27:26+0100","temperature":5374811.0,"humidity":2129.0}
{"name":"Sensor1","timestamp":"2020-03-17T13:27:27+0100","temperature":3080433.0,"humidity":833.0}
{"name":"b9c7be66-f12a-4b07-a2e6-3d722318b11c","timestamp":"2020-03-17T13:27:27+0100","temperature":60700.0,"humidity":null}
{"name":"Sensor1","timestamp":"2020-03-17T13:27:27+0100","temperature":5964095.0,"humidity":1668.0}
{"name":"8ff232b4-d912-45c7-85ac-5b292c14d98c","timestamp":"2020-03-17T13:27:27+0100","temperature":1.6581513E7,"humidity":1878.0}
{"name":"Sensor3","timestamp":"2020-03-17T13:27:27+0100","temperature":100308.0,"humidity":null}
{"name":"d4d5a18e-6a27-49be-aead-b5796ee0d7fe","timestamp":"2020-03-17T13:27:27+0100","temperature":65759.0,"humidity":1504.0}
{"name":"Sensor1","timestamp":"2020-03-17T13:27:28+0100","temperature":1.1075943E7,"humidity":1535.0}
{"name":"b1053a1a-5d17-4cd5-a55c-28b45f7ee5ac","timestamp":"2020-03-17T13:27:28+0100","temperature":null,"humidity":276.0}
{"name":"Sensor3","timestamp":"2020-03-17T13:27:28+0100","temperature":72936.0,"humidity":null}
{"name":"Sensor1","timestamp":"2020-03-17T13:27:28+0100","temperature":6750238.0,"humidity":2197.0}
{"name":"c771bec6-89ab-4cc6-bb34-4b275d84c31b","timestamp":"2020-03-17T13:27:29+0100","temperature":1.0354876E7,"humidity":129.0}
{"name":"Sensor3","timestamp":"2020-03-17T13:27:29+0100","temperature":5768090.0,"humidity":444.0}
{"name":"Sensor1","timestamp":"2020-03-17T13:27:29+0100","temperature":1.3697378E7,"humidity":390.0}
{"name":"2a2f1401-7cae-4e5e-b5f2-d4ca48afe61a","timestamp":"2020-03-17T13:27:30+0100","temperature":null,"humidity":371.0}
{"name":"Sensor3","timestamp":"2020-03-17T13:27:30+0100","temperature":8979211.0,"humidity":226.0}
{"name":"Sensor1","timestamp":"2020-03-17T13:27:30+0100","temperature":1.2059473E7,"humidity":2227.0}
{"name":"196c1048-05c1-4871-8c79-b67bbddf6353","timestamp":"2020-03-17T13:27:30+0100","temperature":5374883.0,"humidity":1047.0}
{"name":"Sensor3","timestamp":"2020-03-17T13:27:30+0100","temperature":275850.0,"humidity":null}
{"name":"Sensor1","timestamp":"2020-03-17T13:27:31+0100","temperature":92855.0,"humidity":null}
{"name":"Sensor3","timestamp":"2020-03-17T13:27:31+0100","temperature":1.2976842E7,"humidity":1909.0}
{"name":"794da681-e427-4987-b5d8-6147ac12f61f","timestamp":"2020-03-17T13:27:31+0100","temperature":6030042.0,"humidity":958.0}
{"name":"Sensor3","timestamp":"2020-03-17T13:27:31+0100","temperature":1114283.0,"humidity":571.0}
{"name":"Sensor1","timestamp":"2020-03-17T13:27:31+0100","temperature":null,"humidity":218.0}
{"name":"6d1d6f59-4962-47a1-b522-02b76d2d424c","timestamp":"2020-03-17T13:27:32+0100","temperature":1.0551971E7,"humidity":905.0}
{"name":"Sensor1","timestamp":"2020-03-17T13:27:32+0100","temperature":5440196.0,"humidity":583.0}
{"name":"8f05e72c-6639-474d-8402-267810c5909b","timestamp":"2020-03-17T13:27:32+0100","temperature":3145879.0,"humidity":2285.0}
{"name":"Sensor3","timestamp":"2020-03-17T13:27:32+0100","temperature":764.0,"humidity":993.0}
{"name":"Sensor1","timestamp":"2020-03-17T13:27:32+0100","temperature":579335.0,"humidity":null}
{"name":"7518595c-a129-43c0-a60c-d55bc6daeff1","timestamp":"2020-03-17T13:27:33+0100","temperature":1.487678E7,"humidity":1289.0}
{"name":"Sensor3","timestamp":"2020-03-17T13:27:33+0100","temperature":4260300.0,"humidity":850.0}
{"name":"Sensor1","timestamp":"2020-03-17T13:27:33+0100","temperature":3670482.0,"humidity":322.0}
{"name":"Sensor1","timestamp":"2020-03-17T13:27:33+0100","temperature":108636.0,"humidity":null}
{"name":"Sensor3","timestamp":"2020-03-17T13:27:34+0100","temperature":1.0289851E7,"humidity":1666.0}
{"name":"f2588b08-1668-4f80-b5fd-f9c78e6dddc2","timestamp":"2020-03-17T13:27:34+0100","temperature":null,"humidity":354.0}
{"name":"Sensor1","timestamp":"2020-03-17T13:27:34+0100","temperature":983741.0,"humidity":2080.0}
{"name":"Sensor3","timestamp":"2020-03-17T13:27:34+0100","temperature":581752.0,"humidity":null}
{"name":"da1d5821-7e52-4428-bc2c-1a9c10fad9e2","timestamp":"2020-03-17T13:27:34+0100","temperature":8126654.0,"humidity":645.0}
{"name":"Sensor1","timestamp":"2020-03-17T13:27:34+0100","temperature":null,"humidity":659.0}
{"name":"ec16a789-cca1-45ae-9b98-e4c7f520795a","timestamp":"2020-03-17T13:27:35+0100","temperature":393812.0,"humidity":541.0}
{"name":"Sensor3","timestamp":"2020-03-17T13:27:35+0100","temperature":1.5139112E7,"humidity":1401.0}
{"name":"Sensor1","timestamp":"2020-03-17T13:27:35+0100","temperature":null,"humidity":803.0}
{"name":"c3f293b4-e939-4199-81be-b720f8c29c81","timestamp":"2020-03-17T13:27:35+0100","temperature":230975.0,"humidity":null}
{"name":"Sensor1","timestamp":"2020-03-17T13:27:36+0100","temperature":8912953.0,"humidity":1756.0}
{"name":"Sensor3","timestamp":"2020-03-17T13:27:36+0100","temperature":68842.0,"humidity":null}
{"name":"Sensor1","timestamp":"2020-03-17T13:27:36+0100","temperature":2032249.0,"humidity":1417.0}
{"name":"98a0e89b-9c14-44ce-8199-c56e3e58bb78","timestamp":"2020-03-17T13:27:36+0100","temperature":54015.0,"humidity":null}
{"name":"Sensor1","timestamp":"2020-03-17T13:27:36+0100","temperature":91969.0,"humidity":null}
{"name":"Sensor3","timestamp":"2020-03-17T13:27:37+0100","temperature":348705.0,"humidity":null}
{"name":"6a6de87a-1eac-40d6-9549-68cd96034d2f","timestamp":"2020-03-17T13:27:37+0100","temperature":null,"humidity":null}
{"name":"Sensor1","timestamp":"2020-03-17T13:27:37+0100","temperature":null,"humidity":423.0}
{"name":"Sensor3","timestamp":"2020-03-17T13:27:37+0100","temperature":1.4221642E7,"humidity":358.0}
{"name":"592495fe-9adc-4e93-9421-aa240c6f504d","timestamp":"2020-03-17T13:27:38+0100","temperature":7799494.0,"humidity":1046.0}
{"name":"Sensor1","timestamp":"2020-03-17T13:27:38+0100","temperature":655726.0,"humidity":242.0}
{"name":"Sensor3","timestamp":"2020-03-17T13:27:38+0100","temperature":1.2452124E7,"humidity":873.0}
{"name":"9b05a07b-c655-4d41-bbc1-d89da0ba793b","timestamp":"2020-03-17T13:27:38+0100","temperature":1.592572E7,"humidity":861.0}
{"name":"Sensor1","timestamp":"2020-03-17T13:27:38+0100","temperature":7405921.0,"humidity":107.0}
{"name":"Sensor1","timestamp":"2020-03-17T13:27:39+0100","temperature":null,"humidity":614.0}
{"name":"828ec014-0283-44b1-9c23-58348eee1aa5","timestamp":"2020-03-17T13:27:39+0100","temperature":1.3631597E7,"humidity":2139.0}
{"name":"Sensor3","timestamp":"2020-03-17T13:27:39+0100","temperature":57313.0,"humidity":null}
{"name":"Sensor1","timestamp":"2020-03-17T13:27:39+0100","temperature":2556711.0,"humidity":920.0}
{"name":"Sensor3","timestamp":"2020-03-17T13:27:39+0100","temperature":6357935.0,"humidity":1721.0}
{"name":"Sensor3","timestamp":"2020-03-17T13:27:40+0100","temperature":null,"humidity":468.0}
{"name":"faebfbd6-e18e-4f0b-bd48-d3abaae90eef","timestamp":"2020-03-17T13:27:40+0100","temperature":1.0093353E7,"humidity":397.0}
{"name":"Sensor1","timestamp":"2020-03-17T13:27:40+0100","temperature":1.3763131E7,"humidity":1706.0}
{"name":"Sensor3","timestamp":"2020-03-17T13:27:40+0100","temperature":852323.0,"humidity":1075.0}
{"name":"27020caf-650f-439f-b857-859b5198b3da","timestamp":"2020-03-17T13:27:40+0100","temperature":2818369.0,"humidity":1299.0}
{"name":"Sensor1","timestamp":"2020-03-17T13:27:40+0100","temperature":1.5598081E7,"humidity":961.0}
{"name":"Sensor3","timestamp":"2020-03-17T13:27:41+0100","temperature":null,"humidity":384.0}
{"name":"994cae13-c407-4f1f-87a5-1ca1dc7239ee","timestamp":"2020-03-17T13:27:41+0100","temperature":1769690.0,"humidity":249.0}
{"name":"Sensor3","timestamp":"2020-03-17T13:27:41+0100","temperature":237251.0,"humidity":null}
{"name":"Sensor1","timestamp":"2020-03-17T13:27:41+0100","temperature":75425.0,"humidity":null}
{"name":"56578f7e-6051-497b-a2e4-b18857d1f31e","timestamp":"2020-03-17T13:27:41+0100","temperature":null,"humidity":354.0}
{"name":"Sensor3","timestamp":"2020-03-17T13:27:42+0100","temperature":524309.0,"humidity":1681.0}
{"name":"Sensor1","timestamp":"2020-03-17T13:27:42+0100","temperature":1.1076427E7,"humidity":1638.0}
{"name":"aa94f90d-d44c-4f57-89d9-e0e9c7c0d12b","timestamp":"2020-03-17T13:27:42+0100","temperature":1.0945082E7,"humidity":1740.0}
{"name":"Sensor3","timestamp":"2020-03-17T13:27:42+0100","temperature":1.2452228E7,"humidity":943.0}
{"name":"bebfda3f-27b7-4093-b3a2-51fa472a1512","timestamp":"2020-03-17T13:27:42+0100","temperature":8979108.0,"humidity":359.0}
{"name":"Sensor3","timestamp":"2020-03-17T13:27:42+0100","temperature":1.415607E7,"humidity":598.0}
{"name":"c218f192-752e-4cc0-a204-3c64158fa788","timestamp":"2020-03-17T13:27:43+0100","temperature":425125.0,"humidity":null}
{"name":"Sensor1","timestamp":"2020-03-17T13:27:43+0100","temperature":561559.0,"humidity":null}
{"name":"13318edd-42fa-4ea7-8dcb-6f1bc53ae4fd","timestamp":"2020-03-17T13:27:43+0100","temperature":3145983.0,"humidity":429.0}
{"name":"Sensor1","timestamp":"2020-03-17T13:27:43+0100","temperature":1.356612E7,"humidity":1478.0}
{"name":"Sensor3","timestamp":"2020-03-17T13:27:43+0100","temperature":1.0158958E7,"humidity":1894.0}
{"name":"Sensor1","timestamp":"2020-03-17T13:27:43+0100","temperature":2032108.0,"humidity":2125.0}
{"name":"Sensor3","timestamp":"2020-03-17T13:27:44+0100","temperature":6816482.0,"humidity":1663.0}
{"name":"df1cb924-6757-4ff9-8c63-28b48a2b9dcc","timestamp":"2020-03-17T13:27:44+0100","temperature":4785100.0,"humidity":1567.0}
{"name":"Sensor3","timestamp":"2020-03-17T13:27:44+0100","temperature":174554.0,"humidity":null}
{"name":"3c2d4863-29d8-44d7-91ba-76b2f9b54b44","timestamp":"2020-03-17T13:27:44+0100","temperature":1.1928201E7,"humidity":1039.0}
{"name":"Sensor1","timestamp":"2020-03-17T13:27:44+0100","temperature":9503676.0,"humidity":2216.0}
{"name":"3ed094a1-a072-41d4-8665-e1d6c23c09de","timestamp":"2020-03-17T13:27:44+0100","temperature":6750307.0,"humidity":517.0}
{"name":"Sensor3","timestamp":"2020-03-17T13:27:45+0100","temperature":null,"humidity":null}
{"name":"cd627022-9096-419f-aa05-d9bd8644d6fc","timestamp":"2020-03-17T13:27:45+0100","temperature":1.6384665E7,"humidity":96.0}
{"name":"Sensor1","timestamp":"2020-03-17T13:27:45+0100","temperature":5177863.0,"humidity":1147.0}
{"name":"Sensor3","timestamp":"2020-03-17T13:27:45+0100","temperature":1.3500593E7,"humidity":985.0}
{"name":"100400aa-21c7-4f0e-bb01-3e938f8b868b","timestamp":"2020-03-17T13:27:45+0100","temperature":311541.0,"humidity":null}
{"name":"Sensor1","timestamp":"2020-03-17T13:27:46+0100","temperature":84689.0,"humidity":null}
{"name":"Sensor3","timestamp":"2020-03-17T13:27:46+0100","temperature":4064168.0,"humidity":143.0}
{"name":"Sensor1","timestamp":"2020-03-17T13:27:46+0100","temperature":null,"humidity":540.0}
{"name":"Sensor3","timestamp":"2020-03-17T13:27:46+0100","temperature":279182.0,"humidity":null}
{"name":"0e2b19b6-fedb-4406-abfe-e9d81356bd8b","timestamp":"2020-03-17T13:27:46+0100","temperature":440923.0,"humidity":null}
{"name":"Sensor1","timestamp":"2020-03-17T13:27:46+0100","temperature":4456730.0,"humidity":75.0}
{"name":"3712bfd6-5d76-4ce3-886a-41b612f68e4c","timestamp":"2020-03-17T13:27:46+0100","temperature":1.4156363E7,"humidity":1279.0}
{"name":"Sensor3","timestamp":"2020-03-17T13:27:47+0100","temperature":5177583.0,"humidity":445.0}
{"name":"40d9b111-fd91-4b51-8332-3a64638c0284","timestamp":"2020-03-17T13:27:47+0100","temperature":7668069.0,"humidity":1416.0}
{"name":"Sensor3","timestamp":"2020-03-17T13:27:47+0100","temperature":1.3370092E7,"humidity":292.0}
{"name":"Sensor1","timestamp":"2020-03-17T13:27:47+0100","temperature":null,"humidity":856.0}
{"name":"9da632e6-bf1c-49ab-a1e3-2870c8306594","timestamp":"2020-03-17T13:27:48+0100","temperature":null,"humidity":305.0}
{"name":"Sensor1","timestamp":"2020-03-17T13:27:48+0100","temperature":1442344.0,"humidity":761.0}
{"name":"Sensor3","timestamp":"2020-03-17T13:27:48+0100","temperature":9372144.0,"humidity":1419.0}
{"name":"83156826-bd8a-4f72-a461-b467cd74023a","timestamp":"2020-03-17T13:27:48+0100","temperature":1.5270662E7,"humidity":553.0}
{"name":"Sensor1","timestamp":"2020-03-17T13:27:49+0100","temperature":1.5139765E7,"humidity":2339.0}
{"name":"Sensor3","timestamp":"2020-03-17T13:27:49+0100","temperature":null,"humidity":468.0}
{"name":"Sensor1","timestamp":"2020-03-17T13:27:49+0100","temperature":154810.0,"humidity":null}
{"name":"5963a005-c378-421b-8448-45361b970e2a","timestamp":"2020-03-17T13:27:49+0100","temperature":8585760.0,"humidity":1386.0}
{"name":"Sensor3","timestamp":"2020-03-17T13:27:49+0100","temperature":7930296.0,"humidity":2217.0}
{"name":"Sensor1","timestamp":"2020-03-17T13:27:49+0100","temperature":1.6581574E7,"humidity":545.0}
{"name":"ddf2ea27-9bfe-4306-b661-823585c99a80","timestamp":"2020-03-17T13:27:49+0100","temperature":121151.0,"humidity":null}
{"name":"Sensor1","timestamp":"2020-03-17T13:27:50+0100","temperature":1.5204652E7,"humidity":1421.0}
{"name":"Sensor3","timestamp":"2020-03-17T13:27:50+0100","temperature":1.6516013E7,"humidity":49.0}
{"name":"Sensor1","timestamp":"2020-03-17T13:27:50+0100","temperature":3342495.0,"humidity":9.0}
{"name":"Sensor3","timestamp":"2020-03-17T13:27:50+0100","temperature":null,"humidity":171.0}
{"name":"fe7e184a-ce60-47d8-8b59-db7eb06e81bc","timestamp":"2020-03-17T13:27:50+0100","temperature":432338.0,"humidity":null}
{"name":"Sensor1","timestamp":"2020-03-17T13:27:51+0100","temperature":9437305.0,"humidity":164.0}
{"name":"a7c09632-e34c-41af-8acd-394f4fe9a925","timestamp":"2020-03-17T13:27:51+0100","temperature":1.0223791E7,"humidity":53.0}
{"name":"Sensor3","timestamp":"2020-03-17T13:27:51+0100","temperature":1.6187767E7,"humidity":1073.0}
{"name":"Sensor1","timestamp":"2020-03-17T13:27:51+0100","temperature":null,"humidity":813.0}
{"name":"803a026f-ca22-45c7-aed0-d224cb34ced9","timestamp":"2020-03-17T13:27:52+0100","temperature":1835331.0,"humidity":2280.0}
{"name":"Sensor1","timestamp":"2020-03-17T13:27:52+0100","temperature":581354.0,"humidity":null}
{"name":"Sensor3","timestamp":"2020-03-17T13:27:52+0100","temperature":1.4811961E7,"humidity":1088.0}
{"name":"Sensor1","timestamp":"2020-03-17T13:27:52+0100","temperature":6815884.0,"humidity":233.0}
{"name":"a6ba7222-fe51-4bd6-bbae-bf8d71b908c4","timestamp":"2020-03-17T13:27:52+0100","temperature":6750514.0,"humidity":1034.0}
{"name":"Sensor3","timestamp":"2020-03-17T13:27:52+0100","temperature":null,"humidity":803.0}
{"name":"Sensor1","timestamp":"2020-03-17T13:27:53+0100","temperature":1.4614995E7,"humidity":317.0}
{"name":"Sensor3","timestamp":"2020-03-17T13:27:53+0100","temperature":null,"humidity":398.0}
{"name":"c648fb68-c6fa-450d-8500-3e4aa6d51002","timestamp":"2020-03-17T13:27:53+0100","temperature":null,"humidity":null}
{"name":"Sensor1","timestamp":"2020-03-17T13:27:54+0100","temperature":8192204.0,"humidity":2014.0}
{"name":"ebda1c46-3f0d-41cc-bda3-3a5212317739","timestamp":"2020-03-17T13:27:54+0100","temperature":143263.0,"humidity":null}
{"name":"Sensor3","timestamp":"2020-03-17T13:27:54+0100","temperature":5702519.0,"humidity":1890.0}
{"name":"Sensor1","timestamp":"2020-03-17T13:27:54+0100","temperature":9503154.0,"humidity":1385.0}
{"name":"6ff277b5-f9b4-4f37-b7b4-89ca2f7767b4","timestamp":"2020-03-17T13:27:54+0100","temperature":5374342.0,"humidity":1644.0}
{"name":"Sensor3","timestamp":"2020-03-17T13:27:54+0100","temperature":5505879.0,"humidity":792.0}
{"name":"Sensor1","timestamp":"2020-03-17T13:27:55+0100","temperature":null,"humidity":null}
{"name":"0043621a-739b-42c9-b0e8-11c205e5248c","timestamp":"2020-03-17T13:27:55+0100","temperature":4326299.0,"humidity":160.0}
{"name":"Sensor3","timestamp":"2020-03-17T13:27:55+0100","temperature":null,"humidity":926.0}
{"name":"c08b427e-6a72-4b32-8a11-dee2ac4304ac","timestamp":"2020-03-17T13:27:55+0100","temperature":327680.0,"humidity":1477.0}
{"name":"Sensor3","timestamp":"2020-03-17T13:27:56+0100","temperature":1.0748522E7,"humidity":550.0}
{"name":"cd225a23-4818-4096-ad3a-a3b979475785","timestamp":"2020-03-17T13:27:56+0100","temperature":1.6712667E7,"humidity":1760.0}
{"name":"Sensor1","timestamp":"2020-03-17T13:27:56+0100","temperature":5636835.0,"humidity":2239.0}
{"name":"Sensor3","timestamp":"2020-03-17T13:27:56+0100","temperature":282465.0,"humidity":null}
{"name":"Sensor1","timestamp":"2020-03-17T13:27:56+0100","temperature":1.304224E7,"humidity":600.0}
{"name":"71ae9a7b-e60a-4702-b142-674f1c08c0fd","timestamp":"2020-03-17T13:27:57+0100","temperature":233010.0,"humidity":null}
{"name":"Sensor1","timestamp":"2020-03-17T13:27:57+0100","temperature":583548.0,"humidity":null}
{"name":"4398c7ab-cccd-4fbe-950e-eab024ded98a","timestamp":"2020-03-17T13:27:57+0100","temperature":4850098.0,"humidity":2033.0}
{"name":"Sensor3","timestamp":"2020-03-17T13:27:57+0100","temperature":null,"humidity":923.0}
{"name":"138d4768-00c7-4bd6-b65d-63de1dc0ec81","timestamp":"2020-03-17T13:27:57+0100","temperature":408748.0,"humidity":null}
{"name":"Sensor3","timestamp":"2020-03-17T13:27:57+0100","temperature":289391.0,"humidity":null}
{"name":"Sensor1","timestamp":"2020-03-17T13:27:58+0100","temperature":1.3041729E7,"humidity":1288.0}
{"name":"c611f4a4-c159-4c75-8124-1a4abcec98fa","timestamp":"2020-03-17T13:27:58+0100","temperature":3408564.0,"humidity":1872.0}
{"name":"Sensor3","timestamp":"2020-03-17T13:27:58+0100","temperature":8520445.0,"humidity":1773.0}
{"name":"Sensor1","timestamp":"2020-03-17T13:27:58+0100","temperature":null,"humidity":null}
{"name":"de0de4c0-421a-4158-95bb-66fa7aae3b1c","timestamp":"2020-03-17T13:27:59+0100","temperature":1.6646944E7,"humidity":1171.0}
{"name":"Sensor3","timestamp":"2020-03-17T13:27:59+0100","temperature":null,"humidity":121.0}
{"name":"Sensor3","timestamp":"2020-03-17T13:27:59+0100","temperature":null,"humidity":792.0}
{"name":"Sensor1","timestamp":"2020-03-17T13:27:59+0100","temperature":1.507384E7,"humidity":367.0}
{"name":"Sensor3","timestamp":"2020-03-17T13:27:59+0100","temperature":null,"humidity":804.0}
{"name":"f3a9afef-92e2-4cfa-b26a-cce139fd5c4f","timestamp":"2020-03-17T13:28:00+0100","temperature":null,"humidity":994.0}
{"name":"52f16a2a-5d75-4081-ab65-f9c890217b96","timestamp":"2020-03-17T13:28:00+0100","temperature":6947676.0,"humidity":1300.0}
{"name":"Sensor3","timestamp":"2020-03-17T13:28:00+0100","temperature":1966478.0,"humidity":1695.0}
{"name":"Sensor1","timestamp":"2020-03-17T13:28:00+0100","temperature":null,"humidity":776.0}
{"name":"96374d3b-f504-42e0-9c6f-6cd0a6984f4a","timestamp":"2020-03-17T13:28:00+0100","temperature":5243147.0,"humidity":540.0}
{"name":"Sensor1","timestamp":"2020-03-17T13:28:01+0100","temperature":144555.0,"humidity":null}
{"name":"Sensor3","timestamp":"2020-03-17T13:28:01+0100","temperature":null,"humidity":69.0}
{"name":"5a06ece3-70c3-4921-82ea-62029a8c2458","timestamp":"2020-03-17T13:28:01+0100","temperature":103122.0,"humidity":null}
{"name":"Sensor1","timestamp":"2020-03-17T13:28:01+0100","temperature":7798941.0,"humidity":93.0}
{"name":"Sensor3","timestamp":"2020-03-17T13:28:02+0100","temperature":null,"humidity":240.0}
{"name":"Sensor1","timestamp":"2020-03-17T13:28:02+0100","temperature":150360.0,"humidity":null}
{"name":"c24e0276-b617-4266-ba7b-a92291027144","timestamp":"2020-03-17T13:28:02+0100","temperature":2097529.0,"humidity":1946.0}
{"name":"Sensor3","timestamp":"2020-03-17T13:28:02+0100","temperature":1.068282E7,"humidity":2062.0}
{"name":"Sensor3","timestamp":"2020-03-17T13:28:02+0100","temperature":1.0748693E7,"humidity":1777.0}
{"name":"030b3e20-f6c0-4447-9936-281c74e6babd","timestamp":"2020-03-17T13:28:03+0100","temperature":1.6449873E7,"humidity":114.0}
