{"name":"Sensor1","timestamp":"2020-03-17T02:51:09+0100","temperature":-999999.0,"humidity":359.0}
{"name":"e9972ebb-d147-4af0-95e5-4ff3f7bc304e","timestamp":"2020-03-17T02:51:09+0100","temperature":4064075.0,"humidity":353.0}
{"name":"Sensor3","timestamp":"2020-03-17T02:51:09+0100","temperature":-999999.0,"humidity":-1.0}
{"name":"Sensor1","timestamp":"2020-03-17T02:51:09+0100","temperature":-999999.0,"humidity":-1.0}
{"name":"Sensor3","timestamp":"2020-03-17T02:51:10+0100","temperature":5112633.0,"humidity":2162.0}
{"name":"508ed7cc-f545-441c-b1ad-e91e08533269","timestamp":"2020-03-17T02:51:10+0100","temperature":1.4877475E7,"humidity":1233.0}
{"name":"Sensor3","timestamp":"2020-03-17T02:51:10+0100","temperature":-999999.0,"humidity":22.0}
{"name":"Sensor1","timestamp":"2020-03-17T02:51:10+0100","temperature":8454305.0,"humidity":1513.0}
{"name":"ff77c33f-1c73-4915-ae22-716f3856cc27","timestamp":"2020-03-17T02:51:10+0100","temperature":5046332.0,"humidity":2340.0}
{"name":"Sensor1","timestamp":"2020-03-17T02:51:11+0100","temperature":1.4156147E7,"humidity":1479.0}
{"name":"15a55905-61e8-408c-9aef-17aa93a6c904","timestamp":"2020-03-17T02:51:11+0100","temperature":1.1731099E7,"humidity":661.0}
{"name":"Sensor3","timestamp":"2020-03-17T02:51:11+0100","temperature":5701652.0,"humidity":2228.0}
{"name":"Sensor3","timestamp":"2020-03-17T02:51:11+0100","temperature":1.0092755E7,"humidity":738.0}
{"name":"aa9cc0a0-c2fb-4b04-83ba-9a45cab02c7b","timestamp":"2020-03-17T02:51:11+0100","temperature":7602629.0,"humidity":1908.0}
{"name":"Sensor1","timestamp":"2020-03-17T02:51:11+0100","temperature":1114717.0,"humidity":2202.0}
{"name":"Sensor1","timestamp":"2020-03-17T02:51:12+0100","temperature":8979309.0,"humidity":604.0}
{"name":"a9c29024-000a-4d18-88bb-a3b4528cf5fa","timestamp":"2020-03-17T02:51:12+0100","temperature":9765011.0,"humidity":146.0}
{"name":"Sensor3","timestamp":"2020-03-17T02:51:12+0100","temperature":1.5401131E7,"humidity":1448.0}
{"name":"2bdea857-cc73-4a63-90a3-b99bd871f4e6","timestamp":"2020-03-17T02:51:12+0100","temperature":124623.0,"humidity":-1.0}
{"name":"Sensor1","timestamp":"2020-03-17T02:51:13+0100","temperature":8258090.0,"humidity":1135.0}
{"name":"Sensor3","timestamp":"2020-03-17T02:51:13+0100","temperature":484086.0,"humidity":-1.0}
{"name":"Sensor1","timestamp":"2020-03-17T02:51:13+0100","temperature":232445.0,"humidity":-1.0}
{"name":"e0c7b9c3-5c0a-435c-a77b-82be971320a0","timestamp":"2020-03-17T02:51:13+0100","temperature":-999999.0,"humidity":517.0}
{"name":"Sensor1","timestamp":"2020-03-17T02:51:14+0100","temperature":1.1993683E7,"humidity":152.0}
{"name":"Sensor3","timestamp":"2020-03-17T02:51:14+0100","temperature":1.2321549E7,"humidity":1794.0}
{"name":"f23640bf-46c8-4c95-abb9-edde29ad636d","timestamp":"2020-03-17T02:51:14+0100","temperature":-999999.0,"humidity":560.0}
{"name":"Sensor3","timestamp":"2020-03-17T02:51:14+0100","temperature":1.0354787E7,"humidity":27.0}
{"name":"3e6a0306-45e3-45a5-9a2e-6dc282eed9db","timestamp":"2020-03-17T02:51:14+0100","temperature":-999999.0,"humidity":838.0}
{"name":"Sensor1","timestamp":"2020-03-17T02:51:15+0100","temperature":176508.0,"humidity":-1.0}
{"name":"Sensor3","timestamp":"2020-03-17T02:51:15+0100","temperature":2622421.0,"humidity":1415.0}
{"name":"be4f999e-1742-488c-9534-9efea82750e3","timestamp":"2020-03-17T02:51:15+0100","temperature":-999999.0,"humidity":473.0}
{"name":"b9f78a54-f906-4094-98df-6d5b41250558","timestamp":"2020-03-17T02:51:15+0100","temperature":-999999.0,"humidity":708.0}
{"name":"Sensor3","timestamp":"2020-03-17T02:51:15+0100","temperature":7865284.0,"humidity":1079.0}
{"name":"Sensor1","timestamp":"2020-03-17T02:51:15+0100","temperature":590284.0,"humidity":1958.0}
{"name":"Sensor3","timestamp":"2020-03-17T02:51:16+0100","temperature":273339.0,"humidity":-1.0}
{"name":"Sensor1","timestamp":"2020-03-17T02:51:16+0100","temperature":3473835.0,"humidity":654.0}
{"name":"Sensor1","timestamp":"2020-03-17T02:51:16+0100","temperature":4326334.0,"humidity":1588.0}
{"name":"95c2c4a4-d7f3-4ffa-bfbb-7cbd1248e439","timestamp":"2020-03-17T02:51:16+0100","temperature":-999999.0,"humidity":214.0}
{"name":"Sensor3","timestamp":"2020-03-17T02:51:17+0100","temperature":1.6318773E7,"humidity":316.0}
{"name":"Sensor3","timestamp":"2020-03-17T02:51:17+0100","temperature":8258243.0,"humidity":1211.0}
{"name":"Sensor1","timestamp":"2020-03-17T02:51:17+0100","temperature":6225953.0,"humidity":194.0}
{"name":"Sensor3","timestamp":"2020-03-17T02:51:17+0100","temperature":1.2190348E7,"humidity":1027.0}
{"name":"42e6ad60-b750-4dc7-8401-1969fd1144fb","timestamp":"2020-03-17T02:51:17+0100","temperature":15874.0,"humidity":-1.0}
{"name":"Sensor1","timestamp":"2020-03-17T02:51:18+0100","temperature":1.3435583E7,"humidity":1576.0}
{"name":"3fe568a4-bdc9-47a0-9435-97d0710a23fa","timestamp":"2020-03-17T02:51:18+0100","temperature":1.5204665E7,"humidity":937.0}
{"name":"Sensor1","timestamp":"2020-03-17T02:51:18+0100","temperature":90892.0,"humidity":-1.0}
{"name":"a191485c-93e5-4bf8-8c8c-2f3d1504f5da","timestamp":"2020-03-17T02:51:18+0100","temperature":-999999.0,"humidity":550.0}
{"name":"Sensor3","timestamp":"2020-03-17T02:51:18+0100","temperature":58384.0,"humidity":-1.0}
{"name":"Sensor1","timestamp":"2020-03-17T02:51:19+0100","temperature":6619862.0,"humidity":1154.0}
{"name":"Sensor3","timestamp":"2020-03-17T02:51:19+0100","temperature":1.6581213E7,"humidity":1174.0}
{"name":"dfd6c939-8f68-4a92-bc43-5d06902cec76","timestamp":"2020-03-17T02:51:19+0100","temperature":-999999.0,"humidity":145.0}
{"name":"Sensor3","timestamp":"2020-03-17T02:51:19+0100","temperature":5178134.0,"humidity":1415.0}
{"name":"Sensor1","timestamp":"2020-03-17T02:51:20+0100","temperature":8192425.0,"humidity":2100.0}
{"name":"86c8d353-3b00-4069-a5ac-18f5aeb14c84","timestamp":"2020-03-17T02:51:20+0100","temperature":1.2124651E7,"humidity":886.0}
{"name":"Sensor3","timestamp":"2020-03-17T02:51:20+0100","temperature":15337.0,"humidity":-1.0}
{"name":"Sensor1","timestamp":"2020-03-17T02:51:20+0100","temperature":786487.0,"humidity":416.0}
{"name":"Sensor1","timestamp":"2020-03-17T02:51:21+0100","temperature":104920.0,"humidity":-1.0}
{"name":"8d243699-941f-4537-b1e7-234e849608fa","timestamp":"2020-03-17T02:51:21+0100","temperature":134164.0,"humidity":-1.0}
{"name":"Sensor3","timestamp":"2020-03-17T02:51:21+0100","temperature":8520442.0,"humidity":832.0}
{"name":"Sensor1","timestamp":"2020-03-17T02:51:21+0100","temperature":-999999.0,"humidity":641.0}
{"name":"Sensor3","timestamp":"2020-03-17T02:51:21+0100","temperature":2752707.0,"humidity":2155.0}
{"name":"Sensor1","timestamp":"2020-03-17T02:51:22+0100","temperature":1.5074112E7,"humidity":106.0}
{"name":"Sensor3","timestamp":"2020-03-17T02:51:22+0100","temperature":3604560.0,"humidity":799.0}
{"name":"a316e2d2-b164-4a3c-863a-370c9a933553","timestamp":"2020-03-17T02:51:22+0100","temperature":237226.0,"humidity":-1.0}
{"name":"8c0ba275-34f7-43e0-9051-b8caf67a919d","timestamp":"2020-03-17T02:51:22+0100","temperature":-999999.0,"humidity":759.0}
{"name":"Sensor3","timestamp":"2020-03-17T02:51:22+0100","temperature":8061398.0,"humidity":342.0}
{"name":"Sensor1","timestamp":"2020-03-17T02:51:22+0100","temperature":593025.0,"humidity":-1.0}
{"name":"23112c60-ccb1-4992-bffd-c763aea5b411","timestamp":"2020-03-17T02:51:23+0100","temperature":-999999.0,"humidity":-1.0}
{"name":"Sensor1","timestamp":"2020-03-17T02:51:23+0100","temperature":3014767.0,"humidity":1267.0}
{"name":"Sensor3","timestamp":"2020-03-17T02:51:23+0100","temperature":9240647.0,"humidity":801.0}
{"name":"9a89e8ce-0cc3-477c-b6fe-526d5a09a450","timestamp":"2020-03-17T02:51:27+0100","temperature":9306316.0,"humidity":1270.0}
{"name":"Sensor1","timestamp":"2020-03-17T02:51:27+0100","temperature":590087.0,"humidity":366.0}
{"name":"Sensor3","timestamp":"2020-03-17T02:51:27+0100","temperature":1.0354999E7,"humidity":450.0}
{"name":"90ecf2c2-3d2e-48f4-a95f-cd2379ae17ca","timestamp":"2020-03-17T02:51:27+0100","temperature":81531.0,"humidity":-1.0}
{"name":"Sensor1","timestamp":"2020-03-17T02:51:27+0100","temperature":3932494.0,"humidity":1586.0}
{"name":"Sensor3","timestamp":"2020-03-17T02:51:28+0100","temperature":9437240.0,"humidity":1564.0}
{"name":"Sensor1","timestamp":"2020-03-17T02:51:28+0100","temperature":19063.0,"humidity":-1.0}
{"name":"fabfff2f-3e8a-4876-9018-089b05689f39","timestamp":"2020-03-17T02:51:28+0100","temperature":8716422.0,"humidity":2286.0}
{"name":"Sensor1","timestamp":"2020-03-17T02:51:28+0100","temperature":2228537.0,"humidity":1288.0}
{"name":"Sensor1","timestamp":"2020-03-17T02:51:29+0100","temperature":6226587.0,"humidity":1695.0}
{"name":"Sensor3","timestamp":"2020-03-17T02:51:29+0100","temperature":1.651529E7,"humidity":236.0}
{"name":"ef550dfa-e7bb-4a74-b116-e2001b2a468e","timestamp":"2020-03-17T02:51:29+0100","temperature":131333.0,"humidity":1985.0}
{"name":"8d21aca2-0daf-4ac7-af7e-6dca0721b1b8","timestamp":"2020-03-17T02:51:29+0100","temperature":8126717.0,"humidity":1047.0}
{"name":"d60405c5-9beb-4df7-8048-3fbbfc8bbbb7","timestamp":"2020-03-17T02:51:29+0100","temperature":96883.0,"humidity":-1.0}
{"name":"Sensor1","timestamp":"2020-03-17T02:51:30+0100","temperature":8651687.0,"humidity":1896.0}
{"name":"Sensor3","timestamp":"2020-03-17T02:51:30+0100","temperature":1.435251E7,"humidity":2136.0}
{"name":"c8115ecc-48cd-4198-a911-5583c7d373ae","timestamp":"2020-03-17T02:51:30+0100","temperature":-999999.0,"humidity":470.0}
{"name":"Sensor1","timestamp":"2020-03-17T02:51:30+0100","temperature":-999999.0,"humidity":-1.0}
{"name":"Sensor3","timestamp":"2020-03-17T02:51:31+0100","temperature":1.0551599E7,"humidity":360.0}
{"name":"Sensor3","timestamp":"2020-03-17T02:51:31+0100","temperature":481845.0,"humidity":-1.0}
{"name":"Sensor1","timestamp":"2020-03-17T02:51:31+0100","temperature":596354.0,"humidity":-1.0}
{"name":"b10d0626-0fa5-4ea3-b33c-08365a241f52","timestamp":"2020-03-17T02:51:31+0100","temperature":-999999.0,"humidity":900.0}
{"name":"Sensor1","timestamp":"2020-03-17T02:51:31+0100","temperature":1.6646628E7,"humidity":1079.0}
{"name":"8c4382c7-e515-46fd-9326-8389f1d3e949","timestamp":"2020-03-17T02:51:31+0100","temperature":-999999.0,"humidity":728.0}
{"name":"Sensor3","timestamp":"2020-03-17T02:51:32+0100","temperature":7209475.0,"humidity":1743.0}
{"name":"Sensor1","timestamp":"2020-03-17T02:51:32+0100","temperature":326253.0,"humidity":-1.0}
{"name":"Sensor1","timestamp":"2020-03-17T02:51:32+0100","temperature":-999999.0,"humidity":565.0}
{"name":"Sensor3","timestamp":"2020-03-17T02:51:32+0100","temperature":-999999.0,"humidity":-1.0}
{"name":"c52b0165-0bcb-408e-8801-71ba679b6a0d","timestamp":"2020-03-17T02:51:32+0100","temperature":1048951.0,"humidity":18.0}
{"name":"Sensor1","timestamp":"2020-03-17T02:51:33+0100","temperature":-999999.0,"humidity":61.0}
{"name":"Sensor3","timestamp":"2020-03-17T02:51:33+0100","temperature":8913347.0,"humidity":1762.0}
{"name":"Sensor1","timestamp":"2020-03-17T02:51:33+0100","temperature":355471.0,"humidity":-1.0}
{"name":"554f49d4-fee7-469d-8103-6c517cba8f06","timestamp":"2020-03-17T02:51:33+0100","temperature":-999999.0,"humidity":321.0}
{"name":"Sensor3","timestamp":"2020-03-17T02:51:34+0100","temperature":197261.0,"humidity":1154.0}
{"name":"Sensor1","timestamp":"2020-03-17T02:51:34+0100","temperature":9372153.0,"humidity":1322.0}
{"name":"22666329-f6ed-40e4-9ad0-5cb7268e64f2","timestamp":"2020-03-17T02:51:34+0100","temperature":-999999.0,"humidity":205.0}
{"name":"9a5d9cbe-7744-492f-96f7-4e437a0b4b47","timestamp":"2020-03-17T02:51:35+0100","temperature":1.2780475E7,"humidity":1735.0}
{"name":"Sensor3","timestamp":"2020-03-17T02:51:35+0100","temperature":1.1731667E7,"humidity":385.0}
{"name":"Sensor1","timestamp":"2020-03-17T02:51:35+0100","temperature":9699421.0,"humidity":1613.0}
{"name":"Sensor3","timestamp":"2020-03-17T02:51:35+0100","temperature":8848060.0,"humidity":404.0}
{"name":"d3765664-2049-46bb-b7ad-05bd02833e3e","timestamp":"2020-03-17T02:51:35+0100","temperature":-999999.0,"humidity":446.0}
{"name":"Sensor3","timestamp":"2020-03-17T02:51:36+0100","temperature":22447.0,"humidity":-1.0}
{"name":"Sensor1","timestamp":"2020-03-17T02:51:36+0100","temperature":192372.0,"humidity":-1.0}
{"name":"Sensor3","timestamp":"2020-03-17T02:51:36+0100","temperature":-999999.0,"humidity":-1.0}
{"name":"e161c936-cc93-47a0-8b01-fa7e8b727219","timestamp":"2020-03-17T02:51:36+0100","temperature":4784639.0,"humidity":993.0}
{"name":"Sensor1","timestamp":"2020-03-17T02:51:36+0100","temperature":-999999.0,"humidity":862.0}
{"name":"Sensor3","timestamp":"2020-03-17T02:51:37+0100","temperature":6095473.0,"humidity":878.0}
{"name":"30ef92b8-1b24-4a2b-ac21-fae647cd8ae2","timestamp":"2020-03-17T02:51:37+0100","temperature":-999999.0,"humidity":-1.0}
{"name":"Sensor3","timestamp":"2020-03-17T02:51:37+0100","temperature":1.048652E7,"humidity":969.0}
{"name":"Sensor1","timestamp":"2020-03-17T02:51:37+0100","temperature":-999999.0,"humidity":190.0}
{"name":"Sensor3","timestamp":"2020-03-17T02:51:37+0100","temperature":574414.0,"humidity":-1.0}
{"name":"Sensor1","timestamp":"2020-03-17T02:51:37+0100","temperature":-999999.0,"humidity":884.0}
{"name":"968e91f0-a1b2-4eb0-be6d-aaf8bf731245","timestamp":"2020-03-17T02:51:38+0100","temperature":-999999.0,"humidity":-1.0}
{"name":"Sensor1","timestamp":"2020-03-17T02:51:38+0100","temperature":95391.0,"humidity":-1.0}
{"name":"Sensor3","timestamp":"2020-03-17T02:51:38+0100","temperature":1.1600569E7,"humidity":1637.0}
{"name":"Sensor1","timestamp":"2020-03-17T02:51:38+0100","temperature":1.6122102E7,"humidity":634.0}
{"name":"85098370-a481-4130-9a1b-342e69272ea6","timestamp":"2020-03-17T02:51:39+0100","temperature":4849697.0,"humidity":499.0}
{"name":"83bf0a1d-9ad3-4a8b-b4be-d32ec49ab1ba","timestamp":"2020-03-17T02:51:39+0100","temperature":1.127276E7,"humidity":610.0}
{"name":"Sensor3","timestamp":"2020-03-17T02:51:39+0100","temperature":393259.0,"humidity":318.0}
{"name":"40b4a5a8-88a5-4983-9dca-7c78d26242b3","timestamp":"2020-03-17T02:51:39+0100","temperature":7864546.0,"humidity":344.0}
{"name":"Sensor1","timestamp":"2020-03-17T02:51:39+0100","temperature":4260628.0,"humidity":378.0}
{"name":"Sensor3","timestamp":"2020-03-17T02:51:39+0100","temperature":388251.0,"humidity":-1.0}
{"name":"Sensor1","timestamp":"2020-03-17T02:51:40+0100","temperature":440781.0,"humidity":-1.0}
{"name":"2d198df2-5d50-4ab0-acfd-90240db66832","timestamp":"2020-03-17T02:51:40+0100","temperature":1.5860261E7,"humidity":2159.0}
{"name":"Sensor3","timestamp":"2020-03-17T02:51:40+0100","temperature":1049477.0,"humidity":2239.0}
{"name":"ff899ac3-3610-4fed-95c2-d8fd9cbba6f2","timestamp":"2020-03-17T02:51:40+0100","temperature":2752756.0,"humidity":253.0}
{"name":"Sensor1","timestamp":"2020-03-17T02:51:40+0100","temperature":572595.0,"humidity":-1.0}
{"name":"5350210d-bdf9-465e-9fd2-5b4449c643f5","timestamp":"2020-03-17T02:59:49+0100","temperature":371293.0,"humidity":-1.0}
{"name":"Sensor3","timestamp":"2020-03-17T02:59:52+0100","temperature":9568969.0,"humidity":264.0}
{"name":"Sensor1","timestamp":"2020-03-17T02:59:53+0100","temperature":1.5598122E7,"humidity":1171.0}
{"name":"119e0e69-e4c3-435a-96f0-4018536182bc","timestamp":"2020-03-17T02:59:53+0100","temperature":7799065.0,"humidity":283.0}
{"name":"425690ca-22f3-47ee-8feb-1e1df5c3af50","timestamp":"2020-03-17T02:59:53+0100","temperature":-999999.0,"humidity":185.0}
{"name":"Sensor3","timestamp":"2020-03-17T02:59:53+0100","temperature":1.6647112E7,"humidity":873.0}
{"name":"2df2bfe5-a63c-4032-b9b1-e4f437a47b53","timestamp":"2020-03-17T02:59:53+0100","temperature":1.3501048E7,"humidity":935.0}
{"name":"Sensor1","timestamp":"2020-03-17T02:59:53+0100","temperature":409944.0,"humidity":-1.0}
{"name":"Sensor1","timestamp":"2020-03-17T02:59:54+0100","temperature":9110444.0,"humidity":1630.0}
{"name":"Sensor3","timestamp":"2020-03-17T02:59:54+0100","temperature":9699782.0,"humidity":2080.0}
{"name":"8cd38910-8b36-4c81-bff4-61e1d903bee9","timestamp":"2020-03-17T02:59:54+0100","temperature":1.2125038E7,"humidity":261.0}
{"name":"Sensor1","timestamp":"2020-03-17T02:59:54+0100","temperature":-999999.0,"humidity":729.0}
{"name":"Sensor3","timestamp":"2020-03-17T02:59:54+0100","temperature":1.0420315E7,"humidity":2203.0}
{"name":"2b99746d-eb86-426a-a69f-4b5583e58543","timestamp":"2020-03-17T02:59:55+0100","temperature":-999999.0,"humidity":435.0}
{"name":"Sensor1","timestamp":"2020-03-17T02:59:55+0100","temperature":1.3697976E7,"humidity":1729.0}
{"name":"Sensor3","timestamp":"2020-03-17T02:59:55+0100","temperature":8913070.0,"humidity":1461.0}
{"name":"d4064f8d-8026-4f66-8479-b1fc35cc6c3b","timestamp":"2020-03-17T02:59:55+0100","temperature":5439870.0,"humidity":752.0}
{"name":"Sensor1","timestamp":"2020-03-17T02:59:55+0100","temperature":1.520511E7,"humidity":648.0}
{"name":"6bcb2422-7da0-46cd-82ba-050cf261b072","timestamp":"2020-03-17T02:59:56+0100","temperature":1.1993324E7,"humidity":393.0}
{"name":"Sensor3","timestamp":"2020-03-17T02:59:56+0100","temperature":1.1534688E7,"humidity":551.0}
{"name":"Sensor1","timestamp":"2020-03-17T02:59:56+0100","temperature":1.5598236E7,"humidity":2260.0}
{"name":"ecede4ef-18ca-43b4-aab7-f51e38fda30e","timestamp":"2020-03-17T02:59:56+0100","temperature":1.6188015E7,"humidity":307.0}
{"name":"Sensor3","timestamp":"2020-03-17T02:59:56+0100","temperature":6619867.0,"humidity":2071.0}
{"name":"Sensor1","timestamp":"2020-03-17T02:59:57+0100","temperature":1.0814186E7,"humidity":350.0}
{"name":"Sensor3","timestamp":"2020-03-17T02:59:57+0100","temperature":430258.0,"humidity":-1.0}
{"name":"28d9cfeb-27fe-47ca-b8d5-ddefdba2d543","timestamp":"2020-03-17T02:59:57+0100","temperature":-999999.0,"humidity":593.0}
{"name":"Sensor1","timestamp":"2020-03-17T02:59:57+0100","temperature":-999999.0,"humidity":262.0}
{"name":"Sensor3","timestamp":"2020-03-17T02:59:58+0100","temperature":1377019.0,"humidity":912.0}
{"name":"Sensor1","timestamp":"2020-03-17T02:59:58+0100","temperature":3867011.0,"humidity":254.0}
{"name":"fffb3144-f5f1-457e-82a6-5ebb9bb31447","timestamp":"2020-03-17T02:59:58+0100","temperature":1.6122367E7,"humidity":596.0}
{"name":"Sensor3","timestamp":"2020-03-17T02:59:58+0100","temperature":1.6318665E7,"humidity":414.0}
{"name":"Sensor1","timestamp":"2020-03-17T02:59:58+0100","temperature":3473931.0,"humidity":1564.0}
{"name":"5daec683-5f9a-4f27-8155-fd288f2cc8ff","timestamp":"2020-03-17T02:59:58+0100","temperature":1.5073281E7,"humidity":1891.0}
{"name":"74f8ecd4-c804-494d-a832-4677471c60a8","timestamp":"2020-03-17T02:59:59+0100","temperature":393359.0,"humidity":2232.0}
{"name":"Sensor3","timestamp":"2020-03-17T02:59:59+0100","temperature":72931.0,"humidity":-1.0}
{"name":"Sensor1","timestamp":"2020-03-17T02:59:59+0100","temperature":-999999.0,"humidity":606.0}
{"name":"Sensor3","timestamp":"2020-03-17T02:59:59+0100","temperature":1.0879966E7,"humidity":1265.0}
{"name":"74ab4c4a-2058-4eb7-b56a-db1e9833f99a","timestamp":"2020-03-17T02:59:59+0100","temperature":-999999.0,"humidity":-1.0}
